2024-12-06 13:12:11 [main] INFO  c.e.t.TicketManagerApplication - Starting TicketManagerApplication using Java 22.0.2 with PID 9692 (C:\Users\Pramesh\Desktop\IIT CW\ticketManager\target\classes started by Pramesh in C:\Users\Pramesh\Desktop\IIT CW\ticketManager)
2024-12-06 13:12:11 [main] INFO  c.e.t.TicketManagerApplication - No active profile set, falling back to 1 default profile: "default"
2024-12-06 13:12:11 [main] INFO  o.s.d.r.c.RepositoryConfigurationDelegate - Bootstrapping Spring Data MongoDB repositories in DEFAULT mode.
2024-12-06 13:12:11 [main] INFO  o.s.d.r.c.RepositoryConfigurationDelegate - Finished Spring Data repository scanning in 17 ms. Found 0 MongoDB repository interfaces.
2024-12-06 13:12:12 [main] INFO  o.s.b.w.e.tomcat.TomcatWebServer - Tomcat initialized with port 8080 (http)
2024-12-06 13:12:12 [main] INFO  o.a.coyote.http11.Http11NioProtocol - Initializing ProtocolHandler ["http-nio-8080"]
2024-12-06 13:12:12 [main] INFO  o.a.catalina.core.StandardService - Starting service [Tomcat]
2024-12-06 13:12:12 [main] INFO  o.a.catalina.core.StandardEngine - Starting Servlet engine: [Apache Tomcat/10.1.33]
2024-12-06 13:12:12 [main] INFO  o.a.c.c.C.[Tomcat].[localhost].[/] - Initializing Spring embedded WebApplicationContext
2024-12-06 13:12:12 [main] INFO  o.s.b.w.s.c.ServletWebServerApplicationContext - Root WebApplicationContext: initialization completed in 1264 ms
2024-12-06 13:12:12 [main] DEBUG o.s.w.s.s.s.WebSocketHandlerMapping - Patterns [/ticketing-websocket] in 'webSocketHandlerMapping'
2024-12-06 13:12:13 [main] INFO  org.mongodb.driver.client - MongoClient with metadata {"application": {"name": "ticketing-app-cluster"}, "driver": {"name": "mongo-java-driver|sync|spring-boot", "version": "5.2.1"}, "os": {"type": "Windows", "name": "Windows 11", "architecture": "amd64", "version": "10.0"}, "platform": "Java/Oracle Corporation/22.0.2+9-70"} created with settings MongoClientSettings{readPreference=primary, writeConcern=WriteConcern{w=majority, wTimeout=null ms, journal=null}, retryWrites=true, retryReads=true, readConcern=ReadConcern{level=null}, credential=MongoCredential{mechanism=null, userName='ticketingapp', source='admin', password=<hidden>, mechanismProperties=<hidden>}, transportSettings=null, commandListeners=[], codecRegistry=ProvidersCodecRegistry{codecProviders=[ValueCodecProvider{}, BsonValueCodecProvider{}, DBRefCodecProvider{}, DBObjectCodecProvider{}, DocumentCodecProvider{}, CollectionCodecProvider{}, IterableCodecProvider{}, MapCodecProvider{}, GeoJsonCodecProvider{}, GridFSFileCodecProvider{}, Jsr310CodecProvider{}, JsonObjectCodecProvider{}, BsonCodecProvider{}, EnumCodecProvider{}, com.mongodb.client.model.mql.ExpressionCodecProvider@5ca4dce5, com.mongodb.Jep395RecordCodecProvider@1291aab5, com.mongodb.KotlinCodecProvider@7d133fb7]}, loggerSettings=LoggerSettings{maxDocumentLength=1000}, clusterSettings={hosts=[127.0.0.1:27017], srvHost=ticketing-app-cluster.ippit.mongodb.net, srvServiceName=mongodb, mode=MULTIPLE, requiredClusterType=REPLICA_SET, requiredReplicaSetName='atlas-1bi6sw-shard-0', serverSelector='null', clusterListeners='[]', serverSelectionTimeout='30000 ms', localThreshold='15 ms'}, socketSettings=SocketSettings{connectTimeoutMS=10000, readTimeoutMS=0, receiveBufferSize=0, proxySettings=ProxySettings{host=null, port=null, username=null, password=null}}, heartbeatSocketSettings=SocketSettings{connectTimeoutMS=10000, readTimeoutMS=10000, receiveBufferSize=0, proxySettings=ProxySettings{host=null, port=null, username=null, password=null}}, connectionPoolSettings=ConnectionPoolSettings{maxSize=100, minSize=0, maxWaitTimeMS=120000, maxConnectionLifeTimeMS=0, maxConnectionIdleTimeMS=0, maintenanceInitialDelayMS=0, maintenanceFrequencyMS=60000, connectionPoolListeners=[], maxConnecting=2}, serverSettings=ServerSettings{heartbeatFrequencyMS=10000, minHeartbeatFrequencyMS=500, serverMonitoringMode=AUTO, serverListeners='[]', serverMonitorListeners='[]'}, sslSettings=SslSettings{enabled=true, invalidHostNameAllowed=false, context=null}, applicationName='ticketing-app-cluster', compressorList=[], uuidRepresentation=JAVA_LEGACY, serverApi=null, autoEncryptionSettings=null, dnsClient=null, inetAddressResolver=null, contextProvider=null, timeoutMS=null}
2024-12-06 13:12:13 [cluster-ClusterId{value='6752aad5e8266c5ed8f87c9a', description='ticketing-app-cluster'}-srv-ticketing-app-cluster.ippit.mongodb.net] INFO  org.mongodb.driver.cluster - Adding discovered server ticketing-app-cluster-shard-00-02.ippit.mongodb.net:27017 to client view of cluster
2024-12-06 13:12:13 [main] INFO  o.a.coyote.http11.Http11NioProtocol - Starting ProtocolHandler ["http-nio-8080"]
2024-12-06 13:12:13 [cluster-ClusterId{value='6752aad5e8266c5ed8f87c9a', description='ticketing-app-cluster'}-srv-ticketing-app-cluster.ippit.mongodb.net] INFO  org.mongodb.driver.cluster - Adding discovered server ticketing-app-cluster-shard-00-01.ippit.mongodb.net:27017 to client view of cluster
2024-12-06 13:12:13 [cluster-ClusterId{value='6752aad5e8266c5ed8f87c9a', description='ticketing-app-cluster'}-srv-ticketing-app-cluster.ippit.mongodb.net] INFO  org.mongodb.driver.cluster - Adding discovered server ticketing-app-cluster-shard-00-00.ippit.mongodb.net:27017 to client view of cluster
2024-12-06 13:12:13 [main] INFO  o.s.b.w.e.tomcat.TomcatWebServer - Tomcat started on port 8080 (http) with context path '/'
2024-12-06 13:12:13 [main] INFO  c.e.t.TicketManagerApplication - Started TicketManagerApplication in 3.087 seconds (process running for 4.166)
2024-12-06 13:12:14 [cluster-ClusterId{value='6752aad5e8266c5ed8f87c9a', description='ticketing-app-cluster'}-ticketing-app-cluster-shard-00-01.ippit.mongodb.net:27017] INFO  org.mongodb.driver.cluster - Monitor thread successfully connected to server with description ServerDescription{address=ticketing-app-cluster-shard-00-01.ippit.mongodb.net:27017, type=REPLICA_SET_PRIMARY, cryptd=false, state=CONNECTED, ok=true, minWireVersion=0, maxWireVersion=25, maxDocumentSize=16777216, logicalSessionTimeoutMinutes=30, roundTripTimeNanos=538443600, minRoundTripTimeNanos=0, setName='atlas-1bi6sw-shard-0', canonicalAddress=ticketing-app-cluster-shard-00-01.ippit.mongodb.net:27017, hosts=[ticketing-app-cluster-shard-00-00.ippit.mongodb.net:27017, ticketing-app-cluster-shard-00-01.ippit.mongodb.net:27017, ticketing-app-cluster-shard-00-02.ippit.mongodb.net:27017], passives=[], arbiters=[], primary='ticketing-app-cluster-shard-00-01.ippit.mongodb.net:27017', tagSet=TagSet{[Tag{name='availabilityZone', value='asia-south1-b'}, Tag{name='diskState', value='READY'}, Tag{name='nodeType', value='ELECTABLE'}, Tag{name='provider', value='GCP'}, Tag{name='region', value='ASIA_SOUTH_1'}, Tag{name='workloadType', value='OPERATIONAL'}]}, electionId=7fffffff000000000000001d, setVersion=4, topologyVersion=TopologyVersion{processId=6740a0d43236505b381bf6db, counter=6}, lastWriteDate=Fri Dec 06 13:12:13 IST 2024, lastUpdateTimeNanos=958123640186100}
2024-12-06 13:12:14 [cluster-ClusterId{value='6752aad5e8266c5ed8f87c9a', description='ticketing-app-cluster'}-ticketing-app-cluster-shard-00-00.ippit.mongodb.net:27017] INFO  org.mongodb.driver.cluster - Monitor thread successfully connected to server with description ServerDescription{address=ticketing-app-cluster-shard-00-00.ippit.mongodb.net:27017, type=REPLICA_SET_SECONDARY, cryptd=false, state=CONNECTED, ok=true, minWireVersion=0, maxWireVersion=25, maxDocumentSize=16777216, logicalSessionTimeoutMinutes=30, roundTripTimeNanos=529568300, minRoundTripTimeNanos=0, setName='atlas-1bi6sw-shard-0', canonicalAddress=ticketing-app-cluster-shard-00-00.ippit.mongodb.net:27017, hosts=[ticketing-app-cluster-shard-00-00.ippit.mongodb.net:27017, ticketing-app-cluster-shard-00-01.ippit.mongodb.net:27017, ticketing-app-cluster-shard-00-02.ippit.mongodb.net:27017], passives=[], arbiters=[], primary='ticketing-app-cluster-shard-00-01.ippit.mongodb.net:27017', tagSet=TagSet{[Tag{name='availabilityZone', value='asia-south1-a'}, Tag{name='diskState', value='READY'}, Tag{name='nodeType', value='ELECTABLE'}, Tag{name='provider', value='GCP'}, Tag{name='region', value='ASIA_SOUTH_1'}, Tag{name='workloadType', value='OPERATIONAL'}]}, electionId=null, setVersion=4, topologyVersion=TopologyVersion{processId=67409d997261816d1af332e5, counter=4}, lastWriteDate=Fri Dec 06 13:12:13 IST 2024, lastUpdateTimeNanos=958123640186100}
2024-12-06 13:12:14 [cluster-ClusterId{value='6752aad5e8266c5ed8f87c9a', description='ticketing-app-cluster'}-ticketing-app-cluster-shard-00-02.ippit.mongodb.net:27017] INFO  org.mongodb.driver.cluster - Monitor thread successfully connected to server with description ServerDescription{address=ticketing-app-cluster-shard-00-02.ippit.mongodb.net:27017, type=REPLICA_SET_SECONDARY, cryptd=false, state=CONNECTED, ok=true, minWireVersion=0, maxWireVersion=25, maxDocumentSize=16777216, logicalSessionTimeoutMinutes=30, roundTripTimeNanos=525114600, minRoundTripTimeNanos=0, setName='atlas-1bi6sw-shard-0', canonicalAddress=ticketing-app-cluster-shard-00-02.ippit.mongodb.net:27017, hosts=[ticketing-app-cluster-shard-00-00.ippit.mongodb.net:27017, ticketing-app-cluster-shard-00-01.ippit.mongodb.net:27017, ticketing-app-cluster-shard-00-02.ippit.mongodb.net:27017], passives=[], arbiters=[], primary='ticketing-app-cluster-shard-00-01.ippit.mongodb.net:27017', tagSet=TagSet{[Tag{name='availabilityZone', value='asia-south1-c'}, Tag{name='diskState', value='READY'}, Tag{name='nodeType', value='ELECTABLE'}, Tag{name='provider', value='GCP'}, Tag{name='region', value='ASIA_SOUTH_1'}, Tag{name='workloadType', value='OPERATIONAL'}]}, electionId=null, setVersion=4, topologyVersion=TopologyVersion{processId=6740a6bd74a7bde477b7bd6c, counter=3}, lastWriteDate=Fri Dec 06 13:12:13 IST 2024, lastUpdateTimeNanos=958123640186100}
2024-12-06 13:12:14 [cluster-ClusterId{value='6752aad5e8266c5ed8f87c9a', description='ticketing-app-cluster'}-ticketing-app-cluster-shard-00-01.ippit.mongodb.net:27017] INFO  org.mongodb.driver.cluster - Discovered replica set primary ticketing-app-cluster-shard-00-01.ippit.mongodb.net:27017 with max election id 7fffffff000000000000001d and max set version 4
2024-12-06 13:12:19 [http-nio-8080-exec-1] INFO  o.a.c.c.C.[Tomcat].[localhost].[/] - Initializing Spring DispatcherServlet 'dispatcherServlet'
2024-12-06 13:12:19 [http-nio-8080-exec-1] INFO  o.s.web.servlet.DispatcherServlet - Initializing Servlet 'dispatcherServlet'
2024-12-06 13:12:19 [http-nio-8080-exec-1] INFO  o.s.web.servlet.DispatcherServlet - Completed initialization in 1 ms
2024-12-06 13:12:19 [http-nio-8080-exec-1] DEBUG o.s.w.s.s.s.WebSocketHandlerMapping - Mapped to org.springframework.web.socket.server.support.WebSocketHttpRequestHandler@220c9a63
2024-12-06 13:12:19 [http-nio-8080-exec-1] DEBUG o.s.w.s.s.s.WebSocketHttpRequestHandler - GET /ticketing-websocket
2024-12-06 13:12:19 [http-nio-8080-exec-1] DEBUG o.s.w.s.h.LoggingWebSocketHandlerDecorator - New StandardWebSocketSession[id=5fe2cfcd-82fa-f086-c413-b24193575f17, uri=ws://localhost:8080/ticketing-websocket]
2024-12-06 13:12:33 [http-nio-8080-exec-5] INFO  c.e.ticketManager.util.GlobalLogger - {Tharindu=5, Kusal=2, Pathum=7}
2024-12-06 16:03:33 [SpringApplicationShutdownHook] INFO  o.s.b.w.e.tomcat.GracefulShutdown - Commencing graceful shutdown. Waiting for active requests to complete
2024-12-06 16:03:33 [tomcat-shutdown] INFO  o.s.b.w.e.tomcat.GracefulShutdown - Graceful shutdown complete
2024-12-06 16:03:33 [SpringApplicationShutdownHook] DEBUG o.s.w.s.h.LoggingWebSocketHandlerDecorator - Transport error in StandardWebSocketSession[id=5fe2cfcd-82fa-f086-c413-b24193575f17, uri=ws://localhost:8080/ticketing-websocket]
java.io.IOException: java.nio.channels.ClosedChannelException
	at org.apache.tomcat.websocket.WsRemoteEndpointImplBase.sendMessageBlockInternal(WsRemoteEndpointImplBase.java:326)
	at org.apache.tomcat.websocket.WsRemoteEndpointImplBase.sendMessageBlock(WsRemoteEndpointImplBase.java:266)
	at org.apache.tomcat.websocket.WsSession.sendCloseMessage(WsSession.java:792)
	at org.apache.tomcat.websocket.WsSession.doClose(WsSession.java:589)
	at org.apache.tomcat.websocket.WsSession.doClose(WsSession.java:556)
	at org.apache.tomcat.websocket.WsSession.close(WsSession.java:544)
	at org.apache.tomcat.websocket.WsWebSocketContainer.destroy(WsWebSocketContainer.java:1024)
	at org.apache.tomcat.websocket.server.WsContextListener.contextDestroyed(WsContextListener.java:46)
	at org.apache.catalina.core.StandardContext.listenerStop(StandardContext.java:4052)
	at org.apache.catalina.core.StandardContext.stopInternal(StandardContext.java:4662)
	at org.apache.catalina.util.LifecycleBase.stop(LifecycleBase.java:235)
	at org.apache.catalina.core.ContainerBase$StopChild.call(ContainerBase.java:1219)
	at org.apache.catalina.core.ContainerBase$StopChild.call(ContainerBase.java:1208)
	at java.base/java.util.concurrent.FutureTask.run(FutureTask.java:317)
	at org.apache.tomcat.util.threads.InlineExecutorService.execute(InlineExecutorService.java:75)
	at java.base/java.util.concurrent.AbstractExecutorService.submit(AbstractExecutorService.java:145)
	at org.apache.catalina.core.ContainerBase.stopInternal(ContainerBase.java:814)
	at org.apache.catalina.util.LifecycleBase.stop(LifecycleBase.java:235)
	at org.apache.catalina.core.ContainerBase$StopChild.call(ContainerBase.java:1219)
	at org.apache.catalina.core.ContainerBase$StopChild.call(ContainerBase.java:1208)
	at java.base/java.util.concurrent.FutureTask.run(FutureTask.java:317)
	at org.apache.tomcat.util.threads.InlineExecutorService.execute(InlineExecutorService.java:75)
	at java.base/java.util.concurrent.AbstractExecutorService.submit(AbstractExecutorService.java:145)
	at org.apache.catalina.core.ContainerBase.stopInternal(ContainerBase.java:814)
	at org.apache.catalina.util.LifecycleBase.stop(LifecycleBase.java:235)
	at org.apache.catalina.core.StandardService.stopInternal(StandardService.java:471)
	at org.apache.catalina.util.LifecycleBase.stop(LifecycleBase.java:235)
	at org.apache.catalina.core.StandardServer.stopInternal(StandardServer.java:915)
	at org.apache.catalina.util.LifecycleBase.stop(LifecycleBase.java:235)
	at org.apache.catalina.startup.Tomcat.stop(Tomcat.java:447)
	at org.springframework.boot.web.embedded.tomcat.TomcatWebServer.stopTomcat(TomcatWebServer.java:301)
	at org.springframework.boot.web.embedded.tomcat.TomcatWebServer.destroy(TomcatWebServer.java:374)
	at org.springframework.boot.web.servlet.context.ServletWebServerApplicationContext.doClose(ServletWebServerApplicationContext.java:177)
	at org.springframework.context.support.AbstractApplicationContext.close(AbstractApplicationContext.java:1126)
	at org.springframework.boot.SpringApplicationShutdownHook.closeAndWait(SpringApplicationShutdownHook.java:145)
	at java.base/java.lang.Iterable.forEach(Iterable.java:75)
	at org.springframework.boot.SpringApplicationShutdownHook.run(SpringApplicationShutdownHook.java:114)
	at java.base/java.lang.Thread.run(Thread.java:1570)
Caused by: java.nio.channels.ClosedChannelException: null
	at org.apache.tomcat.util.net.NioChannel$1.write(NioChannel.java:273)
	at org.apache.tomcat.util.net.NioEndpoint$NioSocketWrapper$NioOperationState.run(NioEndpoint.java:1632)
	at org.apache.tomcat.util.net.SocketWrapperBase$OperationState.start(SocketWrapperBase.java:1051)
	at org.apache.tomcat.util.net.SocketWrapperBase.vectoredOperation(SocketWrapperBase.java:1440)
	at org.apache.tomcat.util.net.SocketWrapperBase.write(SocketWrapperBase.java:1366)
	at org.apache.tomcat.util.net.SocketWrapperBase.write(SocketWrapperBase.java:1337)
	at org.apache.tomcat.websocket.server.WsRemoteEndpointImplServer.doWrite(WsRemoteEndpointImplServer.java:171)
	at org.apache.tomcat.websocket.WsRemoteEndpointImplBase.writeMessagePart(WsRemoteEndpointImplBase.java:521)
	at org.apache.tomcat.websocket.WsRemoteEndpointImplBase.sendMessageBlockInternal(WsRemoteEndpointImplBase.java:313)
	... 37 common frames omitted
2024-12-06 16:03:33 [SpringApplicationShutdownHook] DEBUG o.s.w.s.h.LoggingWebSocketHandlerDecorator - StandardWebSocketSession[id=5fe2cfcd-82fa-f086-c413-b24193575f17, uri=ws://localhost:8080/ticketing-websocket] closed with CloseStatus[code=1001, reason=The web application is stopping]
2024-12-06 16:03:41 [main] INFO  c.e.t.TicketManagerApplication - Starting TicketManagerApplication using Java 22.0.2 with PID 37296 (C:\Users\Pramesh\Desktop\IIT CW\ticketManager\target\classes started by Pramesh in C:\Users\Pramesh\Desktop\IIT CW\ticketManager)
2024-12-06 16:03:41 [main] INFO  c.e.t.TicketManagerApplication - No active profile set, falling back to 1 default profile: "default"
2024-12-06 16:03:42 [main] INFO  o.s.d.r.c.RepositoryConfigurationDelegate - Bootstrapping Spring Data MongoDB repositories in DEFAULT mode.
2024-12-06 16:03:42 [main] INFO  o.s.d.r.c.RepositoryConfigurationDelegate - Finished Spring Data repository scanning in 15 ms. Found 0 MongoDB repository interfaces.
2024-12-06 16:03:42 [main] INFO  o.s.b.w.e.tomcat.TomcatWebServer - Tomcat initialized with port 8080 (http)
2024-12-06 16:03:42 [main] INFO  o.a.coyote.http11.Http11NioProtocol - Initializing ProtocolHandler ["http-nio-8080"]
2024-12-06 16:03:42 [main] INFO  o.a.catalina.core.StandardService - Starting service [Tomcat]
2024-12-06 16:03:42 [main] INFO  o.a.catalina.core.StandardEngine - Starting Servlet engine: [Apache Tomcat/10.1.33]
2024-12-06 16:03:42 [main] INFO  o.a.c.c.C.[Tomcat].[localhost].[/] - Initializing Spring embedded WebApplicationContext
2024-12-06 16:03:42 [main] INFO  o.s.b.w.s.c.ServletWebServerApplicationContext - Root WebApplicationContext: initialization completed in 1078 ms
2024-12-06 16:03:42 [main] DEBUG o.s.w.s.s.s.WebSocketHandlerMapping - Patterns [/ticketing-websocket] in 'webSocketHandlerMapping'
2024-12-06 16:03:43 [main] INFO  org.mongodb.driver.client - MongoClient with metadata {"application": {"name": "ticketing-app-cluster"}, "driver": {"name": "mongo-java-driver|sync|spring-boot", "version": "5.2.1"}, "os": {"type": "Windows", "name": "Windows 11", "architecture": "amd64", "version": "10.0"}, "platform": "Java/Oracle Corporation/22.0.2+9-70"} created with settings MongoClientSettings{readPreference=primary, writeConcern=WriteConcern{w=majority, wTimeout=null ms, journal=null}, retryWrites=true, retryReads=true, readConcern=ReadConcern{level=null}, credential=MongoCredential{mechanism=null, userName='ticketingapp', source='admin', password=<hidden>, mechanismProperties=<hidden>}, transportSettings=null, commandListeners=[], codecRegistry=ProvidersCodecRegistry{codecProviders=[ValueCodecProvider{}, BsonValueCodecProvider{}, DBRefCodecProvider{}, DBObjectCodecProvider{}, DocumentCodecProvider{}, CollectionCodecProvider{}, IterableCodecProvider{}, MapCodecProvider{}, GeoJsonCodecProvider{}, GridFSFileCodecProvider{}, Jsr310CodecProvider{}, JsonObjectCodecProvider{}, BsonCodecProvider{}, EnumCodecProvider{}, com.mongodb.client.model.mql.ExpressionCodecProvider@50cdfafa, com.mongodb.Jep395RecordCodecProvider@2e952845, com.mongodb.KotlinCodecProvider@79252c83]}, loggerSettings=LoggerSettings{maxDocumentLength=1000}, clusterSettings={hosts=[127.0.0.1:27017], srvHost=ticketing-app-cluster.ippit.mongodb.net, srvServiceName=mongodb, mode=MULTIPLE, requiredClusterType=REPLICA_SET, requiredReplicaSetName='atlas-1bi6sw-shard-0', serverSelector='null', clusterListeners='[]', serverSelectionTimeout='30000 ms', localThreshold='15 ms'}, socketSettings=SocketSettings{connectTimeoutMS=10000, readTimeoutMS=0, receiveBufferSize=0, proxySettings=ProxySettings{host=null, port=null, username=null, password=null}}, heartbeatSocketSettings=SocketSettings{connectTimeoutMS=10000, readTimeoutMS=10000, receiveBufferSize=0, proxySettings=ProxySettings{host=null, port=null, username=null, password=null}}, connectionPoolSettings=ConnectionPoolSettings{maxSize=100, minSize=0, maxWaitTimeMS=120000, maxConnectionLifeTimeMS=0, maxConnectionIdleTimeMS=0, maintenanceInitialDelayMS=0, maintenanceFrequencyMS=60000, connectionPoolListeners=[], maxConnecting=2}, serverSettings=ServerSettings{heartbeatFrequencyMS=10000, minHeartbeatFrequencyMS=500, serverMonitoringMode=AUTO, serverListeners='[]', serverMonitorListeners='[]'}, sslSettings=SslSettings{enabled=true, invalidHostNameAllowed=false, context=null}, applicationName='ticketing-app-cluster', compressorList=[], uuidRepresentation=JAVA_LEGACY, serverApi=null, autoEncryptionSettings=null, dnsClient=null, inetAddressResolver=null, contextProvider=null, timeoutMS=null}
2024-12-06 16:03:43 [cluster-ClusterId{value='6752d307cb632655f7ef9c3e', description='ticketing-app-cluster'}-srv-ticketing-app-cluster.ippit.mongodb.net] INFO  org.mongodb.driver.cluster - Adding discovered server ticketing-app-cluster-shard-00-02.ippit.mongodb.net:27017 to client view of cluster
2024-12-06 16:03:43 [cluster-ClusterId{value='6752d307cb632655f7ef9c3e', description='ticketing-app-cluster'}-srv-ticketing-app-cluster.ippit.mongodb.net] INFO  org.mongodb.driver.cluster - Adding discovered server ticketing-app-cluster-shard-00-01.ippit.mongodb.net:27017 to client view of cluster
2024-12-06 16:03:43 [cluster-ClusterId{value='6752d307cb632655f7ef9c3e', description='ticketing-app-cluster'}-srv-ticketing-app-cluster.ippit.mongodb.net] INFO  org.mongodb.driver.cluster - Adding discovered server ticketing-app-cluster-shard-00-00.ippit.mongodb.net:27017 to client view of cluster
2024-12-06 16:03:43 [main] INFO  o.a.coyote.http11.Http11NioProtocol - Starting ProtocolHandler ["http-nio-8080"]
2024-12-06 16:03:43 [main] INFO  o.s.b.w.e.tomcat.TomcatWebServer - Tomcat started on port 8080 (http) with context path '/'
2024-12-06 16:03:43 [main] INFO  c.e.t.TicketManagerApplication - Started TicketManagerApplication in 2.496 seconds (process running for 3.526)
2024-12-06 16:03:44 [cluster-ClusterId{value='6752d307cb632655f7ef9c3e', description='ticketing-app-cluster'}-ticketing-app-cluster-shard-00-02.ippit.mongodb.net:27017] INFO  org.mongodb.driver.cluster - Monitor thread successfully connected to server with description ServerDescription{address=ticketing-app-cluster-shard-00-02.ippit.mongodb.net:27017, type=REPLICA_SET_SECONDARY, cryptd=false, state=CONNECTED, ok=true, minWireVersion=0, maxWireVersion=25, maxDocumentSize=16777216, logicalSessionTimeoutMinutes=30, roundTripTimeNanos=436854000, minRoundTripTimeNanos=0, setName='atlas-1bi6sw-shard-0', canonicalAddress=ticketing-app-cluster-shard-00-02.ippit.mongodb.net:27017, hosts=[ticketing-app-cluster-shard-00-00.ippit.mongodb.net:27017, ticketing-app-cluster-shard-00-01.ippit.mongodb.net:27017, ticketing-app-cluster-shard-00-02.ippit.mongodb.net:27017], passives=[], arbiters=[], primary='ticketing-app-cluster-shard-00-01.ippit.mongodb.net:27017', tagSet=TagSet{[Tag{name='availabilityZone', value='asia-south1-c'}, Tag{name='diskState', value='READY'}, Tag{name='nodeType', value='ELECTABLE'}, Tag{name='provider', value='GCP'}, Tag{name='region', value='ASIA_SOUTH_1'}, Tag{name='workloadType', value='OPERATIONAL'}]}, electionId=null, setVersion=4, topologyVersion=TopologyVersion{processId=6740a6bd74a7bde477b7bd6c, counter=3}, lastWriteDate=Fri Dec 06 16:03:44 IST 2024, lastUpdateTimeNanos=968413572436400}
2024-12-06 16:03:44 [cluster-ClusterId{value='6752d307cb632655f7ef9c3e', description='ticketing-app-cluster'}-ticketing-app-cluster-shard-00-01.ippit.mongodb.net:27017] INFO  org.mongodb.driver.cluster - Monitor thread successfully connected to server with description ServerDescription{address=ticketing-app-cluster-shard-00-01.ippit.mongodb.net:27017, type=REPLICA_SET_PRIMARY, cryptd=false, state=CONNECTED, ok=true, minWireVersion=0, maxWireVersion=25, maxDocumentSize=16777216, logicalSessionTimeoutMinutes=30, roundTripTimeNanos=431636100, minRoundTripTimeNanos=0, setName='atlas-1bi6sw-shard-0', canonicalAddress=ticketing-app-cluster-shard-00-01.ippit.mongodb.net:27017, hosts=[ticketing-app-cluster-shard-00-00.ippit.mongodb.net:27017, ticketing-app-cluster-shard-00-01.ippit.mongodb.net:27017, ticketing-app-cluster-shard-00-02.ippit.mongodb.net:27017], passives=[], arbiters=[], primary='ticketing-app-cluster-shard-00-01.ippit.mongodb.net:27017', tagSet=TagSet{[Tag{name='availabilityZone', value='asia-south1-b'}, Tag{name='diskState', value='READY'}, Tag{name='nodeType', value='ELECTABLE'}, Tag{name='provider', value='GCP'}, Tag{name='region', value='ASIA_SOUTH_1'}, Tag{name='workloadType', value='OPERATIONAL'}]}, electionId=7fffffff000000000000001d, setVersion=4, topologyVersion=TopologyVersion{processId=6740a0d43236505b381bf6db, counter=6}, lastWriteDate=Fri Dec 06 16:03:44 IST 2024, lastUpdateTimeNanos=968413572436400}
2024-12-06 16:03:44 [cluster-ClusterId{value='6752d307cb632655f7ef9c3e', description='ticketing-app-cluster'}-ticketing-app-cluster-shard-00-00.ippit.mongodb.net:27017] INFO  org.mongodb.driver.cluster - Monitor thread successfully connected to server with description ServerDescription{address=ticketing-app-cluster-shard-00-00.ippit.mongodb.net:27017, type=REPLICA_SET_SECONDARY, cryptd=false, state=CONNECTED, ok=true, minWireVersion=0, maxWireVersion=25, maxDocumentSize=16777216, logicalSessionTimeoutMinutes=30, roundTripTimeNanos=438832500, minRoundTripTimeNanos=0, setName='atlas-1bi6sw-shard-0', canonicalAddress=ticketing-app-cluster-shard-00-00.ippit.mongodb.net:27017, hosts=[ticketing-app-cluster-shard-00-00.ippit.mongodb.net:27017, ticketing-app-cluster-shard-00-01.ippit.mongodb.net:27017, ticketing-app-cluster-shard-00-02.ippit.mongodb.net:27017], passives=[], arbiters=[], primary='ticketing-app-cluster-shard-00-01.ippit.mongodb.net:27017', tagSet=TagSet{[Tag{name='availabilityZone', value='asia-south1-a'}, Tag{name='diskState', value='READY'}, Tag{name='nodeType', value='ELECTABLE'}, Tag{name='provider', value='GCP'}, Tag{name='region', value='ASIA_SOUTH_1'}, Tag{name='workloadType', value='OPERATIONAL'}]}, electionId=null, setVersion=4, topologyVersion=TopologyVersion{processId=67409d997261816d1af332e5, counter=4}, lastWriteDate=Fri Dec 06 16:03:44 IST 2024, lastUpdateTimeNanos=968413572826000}
2024-12-06 16:03:44 [cluster-ClusterId{value='6752d307cb632655f7ef9c3e', description='ticketing-app-cluster'}-ticketing-app-cluster-shard-00-01.ippit.mongodb.net:27017] INFO  org.mongodb.driver.cluster - Discovered replica set primary ticketing-app-cluster-shard-00-01.ippit.mongodb.net:27017 with max election id 7fffffff000000000000001d and max set version 4
2024-12-06 16:03:44 [SpringApplicationShutdownHook] INFO  o.s.b.w.e.tomcat.GracefulShutdown - Commencing graceful shutdown. Waiting for active requests to complete
2024-12-06 16:03:44 [tomcat-shutdown] INFO  o.s.b.w.e.tomcat.GracefulShutdown - Graceful shutdown complete
