2024-12-11 18:12:55 [SpringApplicationShutdownHook] INFO  o.s.b.w.e.tomcat.GracefulShutdown - Commencing graceful shutdown. Waiting for active requests to complete
2024-12-11 18:12:55 [tomcat-shutdown] INFO  o.s.b.w.e.tomcat.GracefulShutdown - Graceful shutdown complete
2024-12-11 18:12:59 [main] INFO  c.e.t.TicketManagerApplication - Starting TicketManagerApplication using Java 22.0.2 with PID 12244 (C:\Users\Pramesh\Desktop\IIT CW\ticketManager\target\classes started by Pramesh in C:\Users\Pramesh\Desktop\IIT CW\ticketManager)
2024-12-11 18:12:59 [main] INFO  c.e.t.TicketManagerApplication - No active profile set, falling back to 1 default profile: "default"
2024-12-11 18:13:00 [main] INFO  o.s.d.r.c.RepositoryConfigurationDelegate - Bootstrapping Spring Data MongoDB repositories in DEFAULT mode.
2024-12-11 18:13:00 [main] INFO  o.s.d.r.c.RepositoryConfigurationDelegate - Finished Spring Data repository scanning in 59 ms. Found 1 MongoDB repository interface.
2024-12-11 18:13:00 [main] INFO  o.s.b.w.e.tomcat.TomcatWebServer - Tomcat initialized with port 8080 (http)
2024-12-11 18:13:00 [main] INFO  o.a.coyote.http11.Http11NioProtocol - Initializing ProtocolHandler ["http-nio-8080"]
2024-12-11 18:13:00 [main] INFO  o.a.catalina.core.StandardService - Starting service [Tomcat]
2024-12-11 18:13:00 [main] INFO  o.a.catalina.core.StandardEngine - Starting Servlet engine: [Apache Tomcat/10.1.33]
2024-12-11 18:13:00 [main] INFO  o.a.c.c.C.[Tomcat].[localhost].[/] - Initializing Spring embedded WebApplicationContext
2024-12-11 18:13:00 [main] INFO  o.s.b.w.s.c.ServletWebServerApplicationContext - Root WebApplicationContext: initialization completed in 1124 ms
2024-12-11 18:13:01 [main] INFO  org.mongodb.driver.client - MongoClient with metadata {"application": {"name": "ticketing-app-cluster"}, "driver": {"name": "mongo-java-driver|sync|spring-boot", "version": "5.2.1"}, "os": {"type": "Windows", "name": "Windows 11", "architecture": "amd64", "version": "10.0"}, "platform": "Java/Oracle Corporation/22.0.2+9-70"} created with settings MongoClientSettings{readPreference=primary, writeConcern=WriteConcern{w=majority, wTimeout=null ms, journal=null}, retryWrites=true, retryReads=true, readConcern=ReadConcern{level=null}, credential=MongoCredential{mechanism=null, userName='ticketingapp', source='admin', password=<hidden>, mechanismProperties=<hidden>}, transportSettings=null, commandListeners=[], codecRegistry=ProvidersCodecRegistry{codecProviders=[ValueCodecProvider{}, BsonValueCodecProvider{}, DBRefCodecProvider{}, DBObjectCodecProvider{}, DocumentCodecProvider{}, CollectionCodecProvider{}, IterableCodecProvider{}, MapCodecProvider{}, GeoJsonCodecProvider{}, GridFSFileCodecProvider{}, Jsr310CodecProvider{}, JsonObjectCodecProvider{}, BsonCodecProvider{}, EnumCodecProvider{}, com.mongodb.client.model.mql.ExpressionCodecProvider@751d7425, com.mongodb.Jep395RecordCodecProvider@7eaa2bc6, com.mongodb.KotlinCodecProvider@6dae70f9]}, loggerSettings=LoggerSettings{maxDocumentLength=1000}, clusterSettings={hosts=[127.0.0.1:27017], srvHost=ticketing-app-cluster.ippit.mongodb.net, srvServiceName=mongodb, mode=MULTIPLE, requiredClusterType=REPLICA_SET, requiredReplicaSetName='atlas-1bi6sw-shard-0', serverSelector='null', clusterListeners='[]', serverSelectionTimeout='30000 ms', localThreshold='15 ms'}, socketSettings=SocketSettings{connectTimeoutMS=10000, readTimeoutMS=0, receiveBufferSize=0, proxySettings=ProxySettings{host=null, port=null, username=null, password=null}}, heartbeatSocketSettings=SocketSettings{connectTimeoutMS=10000, readTimeoutMS=10000, receiveBufferSize=0, proxySettings=ProxySettings{host=null, port=null, username=null, password=null}}, connectionPoolSettings=ConnectionPoolSettings{maxSize=100, minSize=0, maxWaitTimeMS=120000, maxConnectionLifeTimeMS=0, maxConnectionIdleTimeMS=0, maintenanceInitialDelayMS=0, maintenanceFrequencyMS=60000, connectionPoolListeners=[], maxConnecting=2}, serverSettings=ServerSettings{heartbeatFrequencyMS=10000, minHeartbeatFrequencyMS=500, serverMonitoringMode=AUTO, serverListeners='[]', serverMonitorListeners='[]'}, sslSettings=SslSettings{enabled=true, invalidHostNameAllowed=false, context=null}, applicationName='ticketing-app-cluster', compressorList=[], uuidRepresentation=JAVA_LEGACY, serverApi=null, autoEncryptionSettings=null, dnsClient=null, inetAddressResolver=null, contextProvider=null, timeoutMS=null}
2024-12-11 18:13:01 [cluster-ClusterId{value='675988d5266b111360843000', description='ticketing-app-cluster'}-srv-ticketing-app-cluster.ippit.mongodb.net] INFO  org.mongodb.driver.cluster - Adding discovered server ticketing-app-cluster-shard-00-02.ippit.mongodb.net:27017 to client view of cluster
2024-12-11 18:13:01 [cluster-ClusterId{value='675988d5266b111360843000', description='ticketing-app-cluster'}-srv-ticketing-app-cluster.ippit.mongodb.net] INFO  org.mongodb.driver.cluster - Adding discovered server ticketing-app-cluster-shard-00-01.ippit.mongodb.net:27017 to client view of cluster
2024-12-11 18:13:01 [cluster-ClusterId{value='675988d5266b111360843000', description='ticketing-app-cluster'}-srv-ticketing-app-cluster.ippit.mongodb.net] INFO  org.mongodb.driver.cluster - Adding discovered server ticketing-app-cluster-shard-00-00.ippit.mongodb.net:27017 to client view of cluster
2024-12-11 18:13:01 [main] DEBUG o.s.w.s.s.s.WebSocketHandlerMapping - Patterns [/ticketing-websocket] in 'webSocketHandlerMapping'
2024-12-11 18:13:01 [main] INFO  o.a.coyote.http11.Http11NioProtocol - Starting ProtocolHandler ["http-nio-8080"]
2024-12-11 18:13:01 [main] INFO  o.s.b.w.e.tomcat.TomcatWebServer - Tomcat started on port 8080 (http) with context path '/'
2024-12-11 18:13:01 [main] INFO  c.e.t.TicketManagerApplication - Started TicketManagerApplication in 2.7 seconds (process running for 3.415)
2024-12-11 18:13:02 [cluster-ClusterId{value='675988d5266b111360843000', description='ticketing-app-cluster'}-ticketing-app-cluster-shard-00-01.ippit.mongodb.net:27017] INFO  org.mongodb.driver.cluster - Monitor thread successfully connected to server with description ServerDescription{address=ticketing-app-cluster-shard-00-01.ippit.mongodb.net:27017, type=REPLICA_SET_PRIMARY, cryptd=false, state=CONNECTED, ok=true, minWireVersion=0, maxWireVersion=25, maxDocumentSize=16777216, logicalSessionTimeoutMinutes=30, roundTripTimeNanos=345288500, minRoundTripTimeNanos=0, setName='atlas-1bi6sw-shard-0', canonicalAddress=ticketing-app-cluster-shard-00-01.ippit.mongodb.net:27017, hosts=[ticketing-app-cluster-shard-00-00.ippit.mongodb.net:27017, ticketing-app-cluster-shard-00-01.ippit.mongodb.net:27017, ticketing-app-cluster-shard-00-02.ippit.mongodb.net:27017], passives=[], arbiters=[], primary='ticketing-app-cluster-shard-00-01.ippit.mongodb.net:27017', tagSet=TagSet{[Tag{name='availabilityZone', value='asia-south1-b'}, Tag{name='diskState', value='READY'}, Tag{name='nodeType', value='ELECTABLE'}, Tag{name='provider', value='GCP'}, Tag{name='region', value='ASIA_SOUTH_1'}, Tag{name='workloadType', value='OPERATIONAL'}]}, electionId=7fffffff000000000000001d, setVersion=4, topologyVersion=TopologyVersion{processId=6740a0d43236505b381bf6db, counter=6}, lastWriteDate=Wed Dec 11 18:13:01 IST 2024, lastUpdateTimeNanos=187986485215700}
2024-12-11 18:13:02 [cluster-ClusterId{value='675988d5266b111360843000', description='ticketing-app-cluster'}-ticketing-app-cluster-shard-00-02.ippit.mongodb.net:27017] INFO  org.mongodb.driver.cluster - Monitor thread successfully connected to server with description ServerDescription{address=ticketing-app-cluster-shard-00-02.ippit.mongodb.net:27017, type=REPLICA_SET_SECONDARY, cryptd=false, state=CONNECTED, ok=true, minWireVersion=0, maxWireVersion=25, maxDocumentSize=16777216, logicalSessionTimeoutMinutes=30, roundTripTimeNanos=322545800, minRoundTripTimeNanos=0, setName='atlas-1bi6sw-shard-0', canonicalAddress=ticketing-app-cluster-shard-00-02.ippit.mongodb.net:27017, hosts=[ticketing-app-cluster-shard-00-00.ippit.mongodb.net:27017, ticketing-app-cluster-shard-00-01.ippit.mongodb.net:27017, ticketing-app-cluster-shard-00-02.ippit.mongodb.net:27017], passives=[], arbiters=[], primary='ticketing-app-cluster-shard-00-01.ippit.mongodb.net:27017', tagSet=TagSet{[Tag{name='availabilityZone', value='asia-south1-c'}, Tag{name='diskState', value='READY'}, Tag{name='nodeType', value='ELECTABLE'}, Tag{name='provider', value='GCP'}, Tag{name='region', value='ASIA_SOUTH_1'}, Tag{name='workloadType', value='OPERATIONAL'}]}, electionId=null, setVersion=4, topologyVersion=TopologyVersion{processId=6740a6bd74a7bde477b7bd6c, counter=3}, lastWriteDate=Wed Dec 11 18:13:01 IST 2024, lastUpdateTimeNanos=187986485215700}
2024-12-11 18:13:02 [cluster-ClusterId{value='675988d5266b111360843000', description='ticketing-app-cluster'}-ticketing-app-cluster-shard-00-00.ippit.mongodb.net:27017] INFO  org.mongodb.driver.cluster - Monitor thread successfully connected to server with description ServerDescription{address=ticketing-app-cluster-shard-00-00.ippit.mongodb.net:27017, type=REPLICA_SET_SECONDARY, cryptd=false, state=CONNECTED, ok=true, minWireVersion=0, maxWireVersion=25, maxDocumentSize=16777216, logicalSessionTimeoutMinutes=30, roundTripTimeNanos=379204800, minRoundTripTimeNanos=0, setName='atlas-1bi6sw-shard-0', canonicalAddress=ticketing-app-cluster-shard-00-00.ippit.mongodb.net:27017, hosts=[ticketing-app-cluster-shard-00-00.ippit.mongodb.net:27017, ticketing-app-cluster-shard-00-01.ippit.mongodb.net:27017, ticketing-app-cluster-shard-00-02.ippit.mongodb.net:27017], passives=[], arbiters=[], primary='ticketing-app-cluster-shard-00-01.ippit.mongodb.net:27017', tagSet=TagSet{[Tag{name='availabilityZone', value='asia-south1-a'}, Tag{name='diskState', value='READY'}, Tag{name='nodeType', value='ELECTABLE'}, Tag{name='provider', value='GCP'}, Tag{name='region', value='ASIA_SOUTH_1'}, Tag{name='workloadType', value='OPERATIONAL'}]}, electionId=null, setVersion=4, topologyVersion=TopologyVersion{processId=67409d997261816d1af332e5, counter=4}, lastWriteDate=Wed Dec 11 18:13:01 IST 2024, lastUpdateTimeNanos=187986485247000}
2024-12-11 18:13:02 [cluster-ClusterId{value='675988d5266b111360843000', description='ticketing-app-cluster'}-ticketing-app-cluster-shard-00-01.ippit.mongodb.net:27017] INFO  org.mongodb.driver.cluster - Discovered replica set primary ticketing-app-cluster-shard-00-01.ippit.mongodb.net:27017 with max election id 7fffffff000000000000001d and max set version 4
2024-12-11 18:13:29 [http-nio-8080-exec-2] INFO  o.a.c.c.C.[Tomcat].[localhost].[/] - Initializing Spring DispatcherServlet 'dispatcherServlet'
2024-12-11 18:13:29 [http-nio-8080-exec-2] INFO  o.s.web.servlet.DispatcherServlet - Initializing Servlet 'dispatcherServlet'
2024-12-11 18:13:29 [http-nio-8080-exec-2] INFO  o.s.web.servlet.DispatcherServlet - Completed initialization in 1 ms
2024-12-11 18:13:29 [http-nio-8080-exec-2] DEBUG o.s.w.s.s.s.WebSocketHandlerMapping - Mapped to org.springframework.web.socket.server.support.WebSocketHttpRequestHandler@49d42faf
2024-12-11 18:13:29 [http-nio-8080-exec-2] DEBUG o.s.w.s.s.s.WebSocketHttpRequestHandler - GET /ticketing-websocket
2024-12-11 18:13:29 [http-nio-8080-exec-2] DEBUG o.s.w.s.h.LoggingWebSocketHandlerDecorator - New StandardWebSocketSession[id=f57500d7-5ad8-b92a-050b-c6f7e205f1d9, uri=ws://localhost:8080/ticketing-websocket]
2024-12-11 18:15:30 [http-nio-8080-exec-7] DEBUG o.s.w.s.h.LoggingWebSocketHandlerDecorator - StandardWebSocketSession[id=f57500d7-5ad8-b92a-050b-c6f7e205f1d9, uri=ws://localhost:8080/ticketing-websocket] closed with CloseStatus[code=1000, reason=null]
2024-12-11 19:32:27 [cluster-ClusterId{value='675988d5266b111360843000', description='ticketing-app-cluster'}-ticketing-app-cluster-shard-00-00.ippit.mongodb.net:27017] INFO  org.mongodb.driver.cluster - Exception in monitor thread while connecting to server ticketing-app-cluster-shard-00-00.ippit.mongodb.net:27017
com.mongodb.MongoNodeIsRecoveringException: Command failed with error 91 (ShutdownInProgress): 'The server is in quiesce mode and will shut down' on server ticketing-app-cluster-shard-00-00.ippit.mongodb.net:27017. The full response is {"topologyVersion": {"processId": {"$oid": "67409d997261816d1af332e5"}, "counter": 5}, "ok": 0.0, "errmsg": "The server is in quiesce mode and will shut down", "code": 91, "codeName": "ShutdownInProgress", "remainingQuiesceTimeMillis": 14937, "$clusterTime": {"clusterTime": {"$timestamp": {"t": 1733925746, "i": 1}}, "signature": {"hash": {"$binary": {"base64": "DmKn4zA0sEISXRMyAt9ILzfigI8=", "subType": "00"}}, "keyId": 7400762154665639939}}, "operationTime": {"$timestamp": {"t": 1733925746, "i": 1}}}
	at com.mongodb.internal.connection.ProtocolHelper.createSpecialException(ProtocolHelper.java:264)
	at com.mongodb.internal.connection.ProtocolHelper.getCommandFailureException(ProtocolHelper.java:206)
	at com.mongodb.internal.connection.InternalStreamConnection.receiveCommandMessageResponse(InternalStreamConnection.java:520)
	at com.mongodb.internal.connection.InternalStreamConnection.receive(InternalStreamConnection.java:469)
	at com.mongodb.internal.connection.DefaultServerMonitor$ServerMonitor.lookupServerDescription(DefaultServerMonitor.java:249)
	at com.mongodb.internal.connection.DefaultServerMonitor$ServerMonitor.run(DefaultServerMonitor.java:176)
2024-12-11 19:32:48 [cluster-ClusterId{value='675988d5266b111360843000', description='ticketing-app-cluster'}-ticketing-app-cluster-shard-00-00.ippit.mongodb.net:27017] INFO  org.mongodb.driver.cluster - Exception in monitor thread while connecting to server ticketing-app-cluster-shard-00-00.ippit.mongodb.net:27017
com.mongodb.MongoSocketReadTimeoutException: Timeout while receiving message
	at com.mongodb.internal.connection.InternalStreamConnection.createReadTimeoutException(InternalStreamConnection.java:824)
	at com.mongodb.internal.connection.InternalStreamConnection.translateReadException(InternalStreamConnection.java:812)
	at com.mongodb.internal.connection.InternalStreamConnection.receiveResponseBuffers(InternalStreamConnection.java:862)
	at com.mongodb.internal.connection.InternalStreamConnection.receiveCommandMessageResponse(InternalStreamConnection.java:517)
	at com.mongodb.internal.connection.InternalStreamConnection.sendAndReceiveInternal(InternalStreamConnection.java:448)
	at com.mongodb.internal.connection.InternalStreamConnection.lambda$sendAndReceive$0(InternalStreamConnection.java:375)
	at com.mongodb.internal.connection.InternalStreamConnection.sendAndReceive(InternalStreamConnection.java:378)
	at com.mongodb.internal.connection.CommandHelper.sendAndReceive(CommandHelper.java:100)
	at com.mongodb.internal.connection.CommandHelper.executeCommand(CommandHelper.java:49)
	at com.mongodb.internal.connection.InternalStreamConnectionInitializer.initializeConnectionDescription(InternalStreamConnectionInitializer.java:144)
	at com.mongodb.internal.connection.InternalStreamConnectionInitializer.startHandshake(InternalStreamConnectionInitializer.java:79)
	at com.mongodb.internal.connection.InternalStreamConnection.open(InternalStreamConnection.java:235)
	at com.mongodb.internal.connection.DefaultServerMonitor$ServerMonitor.lookupServerDescription(DefaultServerMonitor.java:219)
	at com.mongodb.internal.connection.DefaultServerMonitor$ServerMonitor.run(DefaultServerMonitor.java:176)
Caused by: java.net.SocketTimeoutException: Read timed out
	at java.base/sun.nio.ch.NioSocketImpl.timedRead(NioSocketImpl.java:278)
	at java.base/sun.nio.ch.NioSocketImpl.implRead(NioSocketImpl.java:304)
	at java.base/sun.nio.ch.NioSocketImpl.read(NioSocketImpl.java:346)
	at java.base/sun.nio.ch.NioSocketImpl$1.read(NioSocketImpl.java:796)
	at java.base/java.net.Socket$SocketInputStream.implRead(Socket.java:1108)
	at java.base/java.net.Socket$SocketInputStream.read(Socket.java:1095)
	at java.base/sun.security.ssl.SSLSocketInputRecord.read(SSLSocketInputRecord.java:489)
	at java.base/sun.security.ssl.SSLSocketInputRecord.readHeader(SSLSocketInputRecord.java:483)
	at java.base/sun.security.ssl.SSLSocketInputRecord.bytesInCompletePacket(SSLSocketInputRecord.java:70)
	at java.base/sun.security.ssl.SSLSocketImpl.readApplicationRecord(SSLSocketImpl.java:1462)
	at java.base/sun.security.ssl.SSLSocketImpl$AppInputStream.read(SSLSocketImpl.java:1068)
	at com.mongodb.internal.connection.SocketStream.read(SocketStream.java:182)
	at com.mongodb.internal.connection.InternalStreamConnection.receiveResponseBuffers(InternalStreamConnection.java:829)
	... 11 common frames omitted
2024-12-11 19:32:59 [cluster-ClusterId{value='675988d5266b111360843000', description='ticketing-app-cluster'}-ticketing-app-cluster-shard-00-00.ippit.mongodb.net:27017] INFO  org.mongodb.driver.cluster - Monitor thread successfully connected to server with description ServerDescription{address=ticketing-app-cluster-shard-00-00.ippit.mongodb.net:27017, type=REPLICA_SET_SECONDARY, cryptd=false, state=CONNECTED, ok=true, minWireVersion=0, maxWireVersion=25, maxDocumentSize=16777216, logicalSessionTimeoutMinutes=30, roundTripTimeNanos=222682800, minRoundTripTimeNanos=0, setName='atlas-1bi6sw-shard-0', canonicalAddress=ticketing-app-cluster-shard-00-00.ippit.mongodb.net:27017, hosts=[ticketing-app-cluster-shard-00-00.ippit.mongodb.net:27017, ticketing-app-cluster-shard-00-01.ippit.mongodb.net:27017, ticketing-app-cluster-shard-00-02.ippit.mongodb.net:27017], passives=[], arbiters=[], primary='ticketing-app-cluster-shard-00-01.ippit.mongodb.net:27017', tagSet=TagSet{[Tag{name='availabilityZone', value='asia-south1-a'}, Tag{name='diskState', value='READY'}, Tag{name='nodeType', value='ELECTABLE'}, Tag{name='provider', value='GCP'}, Tag{name='region', value='ASIA_SOUTH_1'}, Tag{name='workloadType', value='OPERATIONAL'}]}, electionId=null, setVersion=4, topologyVersion=TopologyVersion{processId=67599b84e71ee8747f63f2ce, counter=3}, lastWriteDate=Wed Dec 11 19:32:58 IST 2024, lastUpdateTimeNanos=192783458572900}
2024-12-11 19:33:11 [cluster-ClusterId{value='675988d5266b111360843000', description='ticketing-app-cluster'}-ticketing-app-cluster-shard-00-02.ippit.mongodb.net:27017] INFO  org.mongodb.driver.cluster - Exception in monitor thread while connecting to server ticketing-app-cluster-shard-00-02.ippit.mongodb.net:27017
com.mongodb.MongoNodeIsRecoveringException: Command failed with error 91 (ShutdownInProgress): 'The server is in quiesce mode and will shut down' on server ticketing-app-cluster-shard-00-02.ippit.mongodb.net:27017. The full response is {"topologyVersion": {"processId": {"$oid": "6740a6bd74a7bde477b7bd6c"}, "counter": 4}, "ok": 0.0, "errmsg": "The server is in quiesce mode and will shut down", "code": 91, "codeName": "ShutdownInProgress", "remainingQuiesceTimeMillis": 14961, "$clusterTime": {"clusterTime": {"$timestamp": {"t": 1733925791, "i": 1}}, "signature": {"hash": {"$binary": {"base64": "3bH8vGE8TEOc8H4dfF2KjlB0htk=", "subType": "00"}}, "keyId": 7400762154665639939}}, "operationTime": {"$timestamp": {"t": 1733925791, "i": 1}}}
	at com.mongodb.internal.connection.ProtocolHelper.createSpecialException(ProtocolHelper.java:264)
	at com.mongodb.internal.connection.ProtocolHelper.getCommandFailureException(ProtocolHelper.java:206)
	at com.mongodb.internal.connection.InternalStreamConnection.receiveCommandMessageResponse(InternalStreamConnection.java:520)
	at com.mongodb.internal.connection.InternalStreamConnection.receive(InternalStreamConnection.java:469)
	at com.mongodb.internal.connection.DefaultServerMonitor$ServerMonitor.lookupServerDescription(DefaultServerMonitor.java:249)
	at com.mongodb.internal.connection.DefaultServerMonitor$ServerMonitor.run(DefaultServerMonitor.java:176)
2024-12-11 19:33:31 [cluster-ClusterId{value='675988d5266b111360843000', description='ticketing-app-cluster'}-ticketing-app-cluster-shard-00-02.ippit.mongodb.net:27017] INFO  org.mongodb.driver.cluster - Exception in monitor thread while connecting to server ticketing-app-cluster-shard-00-02.ippit.mongodb.net:27017
com.mongodb.MongoSocketReadTimeoutException: Timeout while receiving message
	at com.mongodb.internal.connection.InternalStreamConnection.createReadTimeoutException(InternalStreamConnection.java:824)
	at com.mongodb.internal.connection.InternalStreamConnection.translateReadException(InternalStreamConnection.java:812)
	at com.mongodb.internal.connection.InternalStreamConnection.receiveResponseBuffers(InternalStreamConnection.java:862)
	at com.mongodb.internal.connection.InternalStreamConnection.receiveCommandMessageResponse(InternalStreamConnection.java:517)
	at com.mongodb.internal.connection.InternalStreamConnection.sendAndReceiveInternal(InternalStreamConnection.java:448)
	at com.mongodb.internal.connection.InternalStreamConnection.lambda$sendAndReceive$0(InternalStreamConnection.java:375)
	at com.mongodb.internal.connection.InternalStreamConnection.sendAndReceive(InternalStreamConnection.java:378)
	at com.mongodb.internal.connection.CommandHelper.sendAndReceive(CommandHelper.java:100)
	at com.mongodb.internal.connection.CommandHelper.executeCommand(CommandHelper.java:49)
	at com.mongodb.internal.connection.InternalStreamConnectionInitializer.initializeConnectionDescription(InternalStreamConnectionInitializer.java:144)
	at com.mongodb.internal.connection.InternalStreamConnectionInitializer.startHandshake(InternalStreamConnectionInitializer.java:79)
	at com.mongodb.internal.connection.InternalStreamConnection.open(InternalStreamConnection.java:235)
	at com.mongodb.internal.connection.DefaultServerMonitor$ServerMonitor.lookupServerDescription(DefaultServerMonitor.java:219)
	at com.mongodb.internal.connection.DefaultServerMonitor$ServerMonitor.run(DefaultServerMonitor.java:176)
Caused by: java.net.SocketTimeoutException: Read timed out
	at java.base/sun.nio.ch.NioSocketImpl.timedRead(NioSocketImpl.java:278)
	at java.base/sun.nio.ch.NioSocketImpl.implRead(NioSocketImpl.java:304)
	at java.base/sun.nio.ch.NioSocketImpl.read(NioSocketImpl.java:346)
	at java.base/sun.nio.ch.NioSocketImpl$1.read(NioSocketImpl.java:796)
	at java.base/java.net.Socket$SocketInputStream.implRead(Socket.java:1108)
	at java.base/java.net.Socket$SocketInputStream.read(Socket.java:1095)
	at java.base/sun.security.ssl.SSLSocketInputRecord.read(SSLSocketInputRecord.java:489)
	at java.base/sun.security.ssl.SSLSocketInputRecord.readHeader(SSLSocketInputRecord.java:483)
	at java.base/sun.security.ssl.SSLSocketInputRecord.bytesInCompletePacket(SSLSocketInputRecord.java:70)
	at java.base/sun.security.ssl.SSLSocketImpl.readApplicationRecord(SSLSocketImpl.java:1462)
	at java.base/sun.security.ssl.SSLSocketImpl$AppInputStream.read(SSLSocketImpl.java:1068)
	at com.mongodb.internal.connection.SocketStream.read(SocketStream.java:182)
	at com.mongodb.internal.connection.InternalStreamConnection.receiveResponseBuffers(InternalStreamConnection.java:829)
	... 11 common frames omitted
2024-12-11 19:33:42 [cluster-ClusterId{value='675988d5266b111360843000', description='ticketing-app-cluster'}-ticketing-app-cluster-shard-00-02.ippit.mongodb.net:27017] INFO  org.mongodb.driver.cluster - Monitor thread successfully connected to server with description ServerDescription{address=ticketing-app-cluster-shard-00-02.ippit.mongodb.net:27017, type=REPLICA_SET_SECONDARY, cryptd=false, state=CONNECTED, ok=true, minWireVersion=0, maxWireVersion=25, maxDocumentSize=16777216, logicalSessionTimeoutMinutes=30, roundTripTimeNanos=225236200, minRoundTripTimeNanos=0, setName='atlas-1bi6sw-shard-0', canonicalAddress=ticketing-app-cluster-shard-00-02.ippit.mongodb.net:27017, hosts=[ticketing-app-cluster-shard-00-00.ippit.mongodb.net:27017, ticketing-app-cluster-shard-00-01.ippit.mongodb.net:27017, ticketing-app-cluster-shard-00-02.ippit.mongodb.net:27017], passives=[], arbiters=[], primary='ticketing-app-cluster-shard-00-01.ippit.mongodb.net:27017', tagSet=TagSet{[Tag{name='availabilityZone', value='asia-south1-c'}, Tag{name='diskState', value='READY'}, Tag{name='nodeType', value='ELECTABLE'}, Tag{name='provider', value='GCP'}, Tag{name='region', value='ASIA_SOUTH_1'}, Tag{name='workloadType', value='OPERATIONAL'}]}, electionId=null, setVersion=4, topologyVersion=TopologyVersion{processId=67599bb00b4c8dfc028d18fe, counter=3}, lastWriteDate=Wed Dec 11 19:33:41 IST 2024, lastUpdateTimeNanos=192826744875400}
2024-12-11 19:33:56 [cluster-ClusterId{value='675988d5266b111360843000', description='ticketing-app-cluster'}-ticketing-app-cluster-shard-00-01.ippit.mongodb.net:27017] INFO  org.mongodb.driver.cluster - Monitor thread successfully connected to server with description ServerDescription{address=ticketing-app-cluster-shard-00-01.ippit.mongodb.net:27017, type=REPLICA_SET_OTHER, cryptd=false, state=CONNECTED, ok=true, minWireVersion=0, maxWireVersion=25, maxDocumentSize=16777216, logicalSessionTimeoutMinutes=30, roundTripTimeNanos=109251650, minRoundTripTimeNanos=107098000, setName='atlas-1bi6sw-shard-0', canonicalAddress=ticketing-app-cluster-shard-00-01.ippit.mongodb.net:27017, hosts=[ticketing-app-cluster-shard-00-00.ippit.mongodb.net:27017, ticketing-app-cluster-shard-00-01.ippit.mongodb.net:27017, ticketing-app-cluster-shard-00-02.ippit.mongodb.net:27017], passives=[], arbiters=[], primary='ticketing-app-cluster-shard-00-01.ippit.mongodb.net:27017', tagSet=TagSet{[Tag{name='availabilityZone', value='asia-south1-b'}, Tag{name='diskState', value='READY'}, Tag{name='nodeType', value='ELECTABLE'}, Tag{name='provider', value='GCP'}, Tag{name='region', value='ASIA_SOUTH_1'}, Tag{name='workloadType', value='OPERATIONAL'}]}, electionId=7fffffff000000000000001d, setVersion=4, topologyVersion=TopologyVersion{processId=6740a0d43236505b381bf6db, counter=7}, lastWriteDate=Wed Dec 11 19:33:56 IST 2024, lastUpdateTimeNanos=192841298268900}
2024-12-11 19:33:56 [cluster-ClusterId{value='675988d5266b111360843000', description='ticketing-app-cluster'}-ticketing-app-cluster-shard-00-02.ippit.mongodb.net:27017] INFO  org.mongodb.driver.cluster - Monitor thread successfully connected to server with description ServerDescription{address=ticketing-app-cluster-shard-00-02.ippit.mongodb.net:27017, type=REPLICA_SET_SECONDARY, cryptd=false, state=CONNECTED, ok=true, minWireVersion=0, maxWireVersion=25, maxDocumentSize=16777216, logicalSessionTimeoutMinutes=30, roundTripTimeNanos=1432190412, minRoundTripTimeNanos=107518300, setName='atlas-1bi6sw-shard-0', canonicalAddress=ticketing-app-cluster-shard-00-02.ippit.mongodb.net:27017, hosts=[ticketing-app-cluster-shard-00-00.ippit.mongodb.net:27017, ticketing-app-cluster-shard-00-01.ippit.mongodb.net:27017, ticketing-app-cluster-shard-00-02.ippit.mongodb.net:27017], passives=[], arbiters=[], primary='ticketing-app-cluster-shard-00-02.ippit.mongodb.net:27017', tagSet=TagSet{[Tag{name='availabilityZone', value='asia-south1-c'}, Tag{name='diskState', value='READY'}, Tag{name='nodeType', value='ELECTABLE'}, Tag{name='provider', value='GCP'}, Tag{name='region', value='ASIA_SOUTH_1'}, Tag{name='workloadType', value='OPERATIONAL'}]}, electionId=7fffffff000000000000001e, setVersion=4, topologyVersion=TopologyVersion{processId=67599bb00b4c8dfc028d18fe, counter=4}, lastWriteDate=Wed Dec 11 19:33:56 IST 2024, lastUpdateTimeNanos=192841339124800}
2024-12-11 19:33:56 [cluster-ClusterId{value='675988d5266b111360843000', description='ticketing-app-cluster'}-ticketing-app-cluster-shard-00-01.ippit.mongodb.net:27017] INFO  org.mongodb.driver.cluster - Monitor thread successfully connected to server with description ServerDescription{address=ticketing-app-cluster-shard-00-01.ippit.mongodb.net:27017, type=REPLICA_SET_SECONDARY, cryptd=false, state=CONNECTED, ok=true, minWireVersion=0, maxWireVersion=25, maxDocumentSize=16777216, logicalSessionTimeoutMinutes=30, roundTripTimeNanos=109251650, minRoundTripTimeNanos=107098000, setName='atlas-1bi6sw-shard-0', canonicalAddress=ticketing-app-cluster-shard-00-01.ippit.mongodb.net:27017, hosts=[ticketing-app-cluster-shard-00-00.ippit.mongodb.net:27017, ticketing-app-cluster-shard-00-01.ippit.mongodb.net:27017, ticketing-app-cluster-shard-00-02.ippit.mongodb.net:27017], passives=[], arbiters=[], primary='null', tagSet=TagSet{[Tag{name='availabilityZone', value='asia-south1-b'}, Tag{name='diskState', value='READY'}, Tag{name='nodeType', value='ELECTABLE'}, Tag{name='provider', value='GCP'}, Tag{name='region', value='ASIA_SOUTH_1'}, Tag{name='workloadType', value='OPERATIONAL'}]}, electionId=null, setVersion=4, topologyVersion=TopologyVersion{processId=6740a0d43236505b381bf6db, counter=8}, lastWriteDate=Wed Dec 11 19:33:56 IST 2024, lastUpdateTimeNanos=192841347541100}
2024-12-11 19:33:56 [cluster-ClusterId{value='675988d5266b111360843000', description='ticketing-app-cluster'}-ticketing-app-cluster-shard-00-00.ippit.mongodb.net:27017] INFO  org.mongodb.driver.cluster - Monitor thread successfully connected to server with description ServerDescription{address=ticketing-app-cluster-shard-00-00.ippit.mongodb.net:27017, type=REPLICA_SET_SECONDARY, cryptd=false, state=CONNECTED, ok=true, minWireVersion=0, maxWireVersion=25, maxDocumentSize=16777216, logicalSessionTimeoutMinutes=30, roundTripTimeNanos=146984271, minRoundTripTimeNanos=114505300, setName='atlas-1bi6sw-shard-0', canonicalAddress=ticketing-app-cluster-shard-00-00.ippit.mongodb.net:27017, hosts=[ticketing-app-cluster-shard-00-00.ippit.mongodb.net:27017, ticketing-app-cluster-shard-00-01.ippit.mongodb.net:27017, ticketing-app-cluster-shard-00-02.ippit.mongodb.net:27017], passives=[], arbiters=[], primary='null', tagSet=TagSet{[Tag{name='availabilityZone', value='asia-south1-a'}, Tag{name='diskState', value='READY'}, Tag{name='nodeType', value='ELECTABLE'}, Tag{name='provider', value='GCP'}, Tag{name='region', value='ASIA_SOUTH_1'}, Tag{name='workloadType', value='OPERATIONAL'}]}, electionId=null, setVersion=4, topologyVersion=TopologyVersion{processId=67599b84e71ee8747f63f2ce, counter=4}, lastWriteDate=Wed Dec 11 19:33:56 IST 2024, lastUpdateTimeNanos=192841370285400}
2024-12-11 19:33:56 [cluster-ClusterId{value='675988d5266b111360843000', description='ticketing-app-cluster'}-ticketing-app-cluster-shard-00-02.ippit.mongodb.net:27017] INFO  org.mongodb.driver.cluster - Monitor thread successfully connected to server with description ServerDescription{address=ticketing-app-cluster-shard-00-02.ippit.mongodb.net:27017, type=REPLICA_SET_PRIMARY, cryptd=false, state=CONNECTED, ok=true, minWireVersion=0, maxWireVersion=25, maxDocumentSize=16777216, logicalSessionTimeoutMinutes=30, roundTripTimeNanos=1432190412, minRoundTripTimeNanos=107518300, setName='atlas-1bi6sw-shard-0', canonicalAddress=ticketing-app-cluster-shard-00-02.ippit.mongodb.net:27017, hosts=[ticketing-app-cluster-shard-00-00.ippit.mongodb.net:27017, ticketing-app-cluster-shard-00-01.ippit.mongodb.net:27017, ticketing-app-cluster-shard-00-02.ippit.mongodb.net:27017], passives=[], arbiters=[], primary='ticketing-app-cluster-shard-00-02.ippit.mongodb.net:27017', tagSet=TagSet{[Tag{name='availabilityZone', value='asia-south1-c'}, Tag{name='diskState', value='READY'}, Tag{name='nodeType', value='ELECTABLE'}, Tag{name='provider', value='GCP'}, Tag{name='region', value='ASIA_SOUTH_1'}, Tag{name='workloadType', value='OPERATIONAL'}]}, electionId=7fffffff000000000000001e, setVersion=4, topologyVersion=TopologyVersion{processId=67599bb00b4c8dfc028d18fe, counter=6}, lastWriteDate=Wed Dec 11 19:33:56 IST 2024, lastUpdateTimeNanos=192841404024200}
2024-12-11 19:33:56 [cluster-ClusterId{value='675988d5266b111360843000', description='ticketing-app-cluster'}-ticketing-app-cluster-shard-00-02.ippit.mongodb.net:27017] INFO  org.mongodb.driver.cluster - Discovered replica set primary ticketing-app-cluster-shard-00-02.ippit.mongodb.net:27017 with max election id 7fffffff000000000000001e and max set version 4
2024-12-11 19:33:57 [cluster-ClusterId{value='675988d5266b111360843000', description='ticketing-app-cluster'}-ticketing-app-cluster-shard-00-01.ippit.mongodb.net:27017] INFO  org.mongodb.driver.cluster - Exception in monitor thread while connecting to server ticketing-app-cluster-shard-00-01.ippit.mongodb.net:27017
com.mongodb.MongoNodeIsRecoveringException: Command failed with error 91 (ShutdownInProgress): 'The server is in quiesce mode and will shut down' on server ticketing-app-cluster-shard-00-01.ippit.mongodb.net:27017. The full response is {"topologyVersion": {"processId": {"$oid": "6740a0d43236505b381bf6db"}, "counter": 10}, "ok": 0.0, "errmsg": "The server is in quiesce mode and will shut down", "code": 91, "codeName": "ShutdownInProgress", "remainingQuiesceTimeMillis": 15000, "$clusterTime": {"clusterTime": {"$timestamp": {"t": 1733925836, "i": 3}}, "signature": {"hash": {"$binary": {"base64": "LTRqQImaXluGtR9e0u5LM2/l0X8=", "subType": "00"}}, "keyId": 7400762154665639939}}, "operationTime": {"$timestamp": {"t": 1733925836, "i": 3}}}
	at com.mongodb.internal.connection.ProtocolHelper.createSpecialException(ProtocolHelper.java:264)
	at com.mongodb.internal.connection.ProtocolHelper.getCommandFailureException(ProtocolHelper.java:206)
	at com.mongodb.internal.connection.InternalStreamConnection.receiveCommandMessageResponse(InternalStreamConnection.java:520)
	at com.mongodb.internal.connection.InternalStreamConnection.receive(InternalStreamConnection.java:469)
	at com.mongodb.internal.connection.DefaultServerMonitor$ServerMonitor.lookupServerDescription(DefaultServerMonitor.java:249)
	at com.mongodb.internal.connection.DefaultServerMonitor$ServerMonitor.run(DefaultServerMonitor.java:176)
2024-12-11 19:34:06 [cluster-ClusterId{value='675988d5266b111360843000', description='ticketing-app-cluster'}-ticketing-app-cluster-shard-00-00.ippit.mongodb.net:27017] INFO  org.mongodb.driver.cluster - Monitor thread successfully connected to server with description ServerDescription{address=ticketing-app-cluster-shard-00-00.ippit.mongodb.net:27017, type=REPLICA_SET_SECONDARY, cryptd=false, state=CONNECTED, ok=true, minWireVersion=0, maxWireVersion=25, maxDocumentSize=16777216, logicalSessionTimeoutMinutes=30, roundTripTimeNanos=140496336, minRoundTripTimeNanos=114505300, setName='atlas-1bi6sw-shard-0', canonicalAddress=ticketing-app-cluster-shard-00-00.ippit.mongodb.net:27017, hosts=[ticketing-app-cluster-shard-00-00.ippit.mongodb.net:27017, ticketing-app-cluster-shard-00-01.ippit.mongodb.net:27017, ticketing-app-cluster-shard-00-02.ippit.mongodb.net:27017], passives=[], arbiters=[], primary='ticketing-app-cluster-shard-00-02.ippit.mongodb.net:27017', tagSet=TagSet{[Tag{name='availabilityZone', value='asia-south1-a'}, Tag{name='diskState', value='READY'}, Tag{name='nodeType', value='ELECTABLE'}, Tag{name='provider', value='GCP'}, Tag{name='region', value='ASIA_SOUTH_1'}, Tag{name='workloadType', value='OPERATIONAL'}]}, electionId=null, setVersion=4, topologyVersion=TopologyVersion{processId=67599b84e71ee8747f63f2ce, counter=4}, lastWriteDate=Wed Dec 11 19:34:06 IST 2024, lastUpdateTimeNanos=192851390080000}
2024-12-11 19:34:17 [cluster-ClusterId{value='675988d5266b111360843000', description='ticketing-app-cluster'}-ticketing-app-cluster-shard-00-01.ippit.mongodb.net:27017] INFO  org.mongodb.driver.cluster - Exception in monitor thread while connecting to server ticketing-app-cluster-shard-00-01.ippit.mongodb.net:27017
com.mongodb.MongoSocketReadTimeoutException: Timeout while receiving message
	at com.mongodb.internal.connection.InternalStreamConnection.createReadTimeoutException(InternalStreamConnection.java:824)
	at com.mongodb.internal.connection.InternalStreamConnection.translateReadException(InternalStreamConnection.java:812)
	at com.mongodb.internal.connection.InternalStreamConnection.receiveResponseBuffers(InternalStreamConnection.java:862)
	at com.mongodb.internal.connection.InternalStreamConnection.receiveCommandMessageResponse(InternalStreamConnection.java:517)
	at com.mongodb.internal.connection.InternalStreamConnection.sendAndReceiveInternal(InternalStreamConnection.java:448)
	at com.mongodb.internal.connection.InternalStreamConnection.lambda$sendAndReceive$0(InternalStreamConnection.java:375)
	at com.mongodb.internal.connection.InternalStreamConnection.sendAndReceive(InternalStreamConnection.java:378)
	at com.mongodb.internal.connection.CommandHelper.sendAndReceive(CommandHelper.java:100)
	at com.mongodb.internal.connection.CommandHelper.executeCommand(CommandHelper.java:49)
	at com.mongodb.internal.connection.InternalStreamConnectionInitializer.initializeConnectionDescription(InternalStreamConnectionInitializer.java:144)
	at com.mongodb.internal.connection.InternalStreamConnectionInitializer.startHandshake(InternalStreamConnectionInitializer.java:79)
	at com.mongodb.internal.connection.InternalStreamConnection.open(InternalStreamConnection.java:235)
	at com.mongodb.internal.connection.DefaultServerMonitor$ServerMonitor.lookupServerDescription(DefaultServerMonitor.java:219)
	at com.mongodb.internal.connection.DefaultServerMonitor$ServerMonitor.run(DefaultServerMonitor.java:176)
Caused by: java.net.SocketTimeoutException: Read timed out
	at java.base/sun.nio.ch.NioSocketImpl.timedRead(NioSocketImpl.java:278)
	at java.base/sun.nio.ch.NioSocketImpl.implRead(NioSocketImpl.java:304)
	at java.base/sun.nio.ch.NioSocketImpl.read(NioSocketImpl.java:346)
	at java.base/sun.nio.ch.NioSocketImpl$1.read(NioSocketImpl.java:796)
	at java.base/java.net.Socket$SocketInputStream.implRead(Socket.java:1108)
	at java.base/java.net.Socket$SocketInputStream.read(Socket.java:1095)
	at java.base/sun.security.ssl.SSLSocketInputRecord.read(SSLSocketInputRecord.java:489)
	at java.base/sun.security.ssl.SSLSocketInputRecord.readHeader(SSLSocketInputRecord.java:483)
	at java.base/sun.security.ssl.SSLSocketInputRecord.bytesInCompletePacket(SSLSocketInputRecord.java:70)
	at java.base/sun.security.ssl.SSLSocketImpl.readApplicationRecord(SSLSocketImpl.java:1462)
	at java.base/sun.security.ssl.SSLSocketImpl$AppInputStream.read(SSLSocketImpl.java:1068)
	at com.mongodb.internal.connection.SocketStream.read(SocketStream.java:182)
	at com.mongodb.internal.connection.InternalStreamConnection.receiveResponseBuffers(InternalStreamConnection.java:829)
	... 11 common frames omitted
2024-12-11 19:34:28 [cluster-ClusterId{value='675988d5266b111360843000', description='ticketing-app-cluster'}-ticketing-app-cluster-shard-00-01.ippit.mongodb.net:27017] INFO  org.mongodb.driver.cluster - Monitor thread successfully connected to server with description ServerDescription{address=ticketing-app-cluster-shard-00-01.ippit.mongodb.net:27017, type=REPLICA_SET_SECONDARY, cryptd=false, state=CONNECTED, ok=true, minWireVersion=0, maxWireVersion=25, maxDocumentSize=16777216, logicalSessionTimeoutMinutes=30, roundTripTimeNanos=205641900, minRoundTripTimeNanos=0, setName='atlas-1bi6sw-shard-0', canonicalAddress=ticketing-app-cluster-shard-00-01.ippit.mongodb.net:27017, hosts=[ticketing-app-cluster-shard-00-00.ippit.mongodb.net:27017, ticketing-app-cluster-shard-00-01.ippit.mongodb.net:27017, ticketing-app-cluster-shard-00-02.ippit.mongodb.net:27017], passives=[], arbiters=[], primary='ticketing-app-cluster-shard-00-02.ippit.mongodb.net:27017', tagSet=TagSet{[Tag{name='availabilityZone', value='asia-south1-b'}, Tag{name='diskState', value='READY'}, Tag{name='nodeType', value='ELECTABLE'}, Tag{name='provider', value='GCP'}, Tag{name='region', value='ASIA_SOUTH_1'}, Tag{name='workloadType', value='OPERATIONAL'}]}, electionId=null, setVersion=4, topologyVersion=TopologyVersion{processId=67599bddd2cfd7ee5f13f5c8, counter=3}, lastWriteDate=Wed Dec 11 19:34:27 IST 2024, lastUpdateTimeNanos=192872654623300}
2024-12-11 22:32:54 [SpringApplicationShutdownHook] INFO  o.s.b.w.e.tomcat.GracefulShutdown - Commencing graceful shutdown. Waiting for active requests to complete
2024-12-11 22:32:54 [tomcat-shutdown] INFO  o.s.b.w.e.tomcat.GracefulShutdown - Graceful shutdown complete
