2024-12-02 00:17:30 [cluster-ClusterId{value='674c80380772ee5c9a798433', description='ticketing-app-cluster'}-ticketing-app-cluster-shard-00-01.ippit.mongodb.net:27017] INFO  org.mongodb.driver.cluster - Exception in monitor thread while connecting to server ticketing-app-cluster-shard-00-01.ippit.mongodb.net:27017
com.mongodb.MongoSocketReadTimeoutException: Timeout while receiving message
	at com.mongodb.internal.connection.InternalStreamConnection.createReadTimeoutException(InternalStreamConnection.java:824)
	at com.mongodb.internal.connection.InternalStreamConnection.translateReadException(InternalStreamConnection.java:812)
	at com.mongodb.internal.connection.InternalStreamConnection.receiveResponseBuffers(InternalStreamConnection.java:862)
	at com.mongodb.internal.connection.InternalStreamConnection.receiveCommandMessageResponse(InternalStreamConnection.java:517)
	at com.mongodb.internal.connection.InternalStreamConnection.receive(InternalStreamConnection.java:469)
	at com.mongodb.internal.connection.DefaultServerMonitor$ServerMonitor.lookupServerDescription(DefaultServerMonitor.java:249)
	at com.mongodb.internal.connection.DefaultServerMonitor$ServerMonitor.run(DefaultServerMonitor.java:176)
Caused by: java.net.SocketTimeoutException: Read timed out
	at java.base/sun.nio.ch.NioSocketImpl.timedRead(NioSocketImpl.java:278)
	at java.base/sun.nio.ch.NioSocketImpl.implRead(NioSocketImpl.java:304)
	at java.base/sun.nio.ch.NioSocketImpl.read(NioSocketImpl.java:346)
	at java.base/sun.nio.ch.NioSocketImpl$1.read(NioSocketImpl.java:796)
	at java.base/java.net.Socket$SocketInputStream.implRead(Socket.java:1108)
	at java.base/java.net.Socket$SocketInputStream.read(Socket.java:1095)
	at java.base/sun.security.ssl.SSLSocketInputRecord.read(SSLSocketInputRecord.java:489)
	at java.base/sun.security.ssl.SSLSocketInputRecord.readHeader(SSLSocketInputRecord.java:483)
	at java.base/sun.security.ssl.SSLSocketInputRecord.bytesInCompletePacket(SSLSocketInputRecord.java:70)
	at java.base/sun.security.ssl.SSLSocketImpl.readApplicationRecord(SSLSocketImpl.java:1462)
	at java.base/sun.security.ssl.SSLSocketImpl$AppInputStream.read(SSLSocketImpl.java:1068)
	at com.mongodb.internal.connection.SocketStream.read(SocketStream.java:182)
	at com.mongodb.internal.connection.InternalStreamConnection.receiveResponseBuffers(InternalStreamConnection.java:829)
	... 4 common frames omitted
2024-12-02 00:17:32 [cluster-ClusterId{value='674c80380772ee5c9a798433', description='ticketing-app-cluster'}-ticketing-app-cluster-shard-00-00.ippit.mongodb.net:27017] INFO  org.mongodb.driver.cluster - Exception in monitor thread while connecting to server ticketing-app-cluster-shard-00-00.ippit.mongodb.net:27017
com.mongodb.MongoSocketReadTimeoutException: Timeout while receiving message
	at com.mongodb.internal.connection.InternalStreamConnection.createReadTimeoutException(InternalStreamConnection.java:824)
	at com.mongodb.internal.connection.InternalStreamConnection.translateReadException(InternalStreamConnection.java:812)
	at com.mongodb.internal.connection.InternalStreamConnection.receiveResponseBuffers(InternalStreamConnection.java:862)
	at com.mongodb.internal.connection.InternalStreamConnection.receiveCommandMessageResponse(InternalStreamConnection.java:517)
	at com.mongodb.internal.connection.InternalStreamConnection.receive(InternalStreamConnection.java:469)
	at com.mongodb.internal.connection.DefaultServerMonitor$ServerMonitor.lookupServerDescription(DefaultServerMonitor.java:249)
	at com.mongodb.internal.connection.DefaultServerMonitor$ServerMonitor.run(DefaultServerMonitor.java:176)
Caused by: java.net.SocketTimeoutException: Read timed out
	at java.base/sun.nio.ch.NioSocketImpl.timedRead(NioSocketImpl.java:278)
	at java.base/sun.nio.ch.NioSocketImpl.implRead(NioSocketImpl.java:304)
	at java.base/sun.nio.ch.NioSocketImpl.read(NioSocketImpl.java:346)
	at java.base/sun.nio.ch.NioSocketImpl$1.read(NioSocketImpl.java:796)
	at java.base/java.net.Socket$SocketInputStream.implRead(Socket.java:1108)
	at java.base/java.net.Socket$SocketInputStream.read(Socket.java:1095)
	at java.base/sun.security.ssl.SSLSocketInputRecord.read(SSLSocketInputRecord.java:489)
	at java.base/sun.security.ssl.SSLSocketInputRecord.readHeader(SSLSocketInputRecord.java:483)
	at java.base/sun.security.ssl.SSLSocketInputRecord.bytesInCompletePacket(SSLSocketInputRecord.java:70)
	at java.base/sun.security.ssl.SSLSocketImpl.readApplicationRecord(SSLSocketImpl.java:1462)
	at java.base/sun.security.ssl.SSLSocketImpl$AppInputStream.read(SSLSocketImpl.java:1068)
	at com.mongodb.internal.connection.SocketStream.read(SocketStream.java:182)
	at com.mongodb.internal.connection.InternalStreamConnection.receiveResponseBuffers(InternalStreamConnection.java:829)
	... 4 common frames omitted
2024-12-02 00:17:32 [cluster-ClusterId{value='674c80380772ee5c9a798433', description='ticketing-app-cluster'}-ticketing-app-cluster-shard-00-02.ippit.mongodb.net:27017] INFO  org.mongodb.driver.cluster - Exception in monitor thread while connecting to server ticketing-app-cluster-shard-00-02.ippit.mongodb.net:27017
com.mongodb.MongoSocketReadTimeoutException: Timeout while receiving message
	at com.mongodb.internal.connection.InternalStreamConnection.createReadTimeoutException(InternalStreamConnection.java:824)
	at com.mongodb.internal.connection.InternalStreamConnection.translateReadException(InternalStreamConnection.java:812)
	at com.mongodb.internal.connection.InternalStreamConnection.receiveResponseBuffers(InternalStreamConnection.java:862)
	at com.mongodb.internal.connection.InternalStreamConnection.receiveCommandMessageResponse(InternalStreamConnection.java:517)
	at com.mongodb.internal.connection.InternalStreamConnection.receive(InternalStreamConnection.java:469)
	at com.mongodb.internal.connection.DefaultServerMonitor$ServerMonitor.lookupServerDescription(DefaultServerMonitor.java:249)
	at com.mongodb.internal.connection.DefaultServerMonitor$ServerMonitor.run(DefaultServerMonitor.java:176)
Caused by: java.net.SocketTimeoutException: Read timed out
	at java.base/sun.nio.ch.NioSocketImpl.timedRead(NioSocketImpl.java:278)
	at java.base/sun.nio.ch.NioSocketImpl.implRead(NioSocketImpl.java:304)
	at java.base/sun.nio.ch.NioSocketImpl.read(NioSocketImpl.java:346)
	at java.base/sun.nio.ch.NioSocketImpl$1.read(NioSocketImpl.java:796)
	at java.base/java.net.Socket$SocketInputStream.implRead(Socket.java:1108)
	at java.base/java.net.Socket$SocketInputStream.read(Socket.java:1095)
	at java.base/sun.security.ssl.SSLSocketInputRecord.read(SSLSocketInputRecord.java:489)
	at java.base/sun.security.ssl.SSLSocketInputRecord.readHeader(SSLSocketInputRecord.java:483)
	at java.base/sun.security.ssl.SSLSocketInputRecord.bytesInCompletePacket(SSLSocketInputRecord.java:70)
	at java.base/sun.security.ssl.SSLSocketImpl.readApplicationRecord(SSLSocketImpl.java:1462)
	at java.base/sun.security.ssl.SSLSocketImpl$AppInputStream.read(SSLSocketImpl.java:1068)
	at com.mongodb.internal.connection.SocketStream.read(SocketStream.java:182)
	at com.mongodb.internal.connection.InternalStreamConnection.receiveResponseBuffers(InternalStreamConnection.java:829)
	... 4 common frames omitted
2024-12-02 00:17:40 [cluster-ClusterId{value='674c80380772ee5c9a798433', description='ticketing-app-cluster'}-ticketing-app-cluster-shard-00-00.ippit.mongodb.net:27017] INFO  org.mongodb.driver.cluster - Monitor thread successfully connected to server with description ServerDescription{address=ticketing-app-cluster-shard-00-00.ippit.mongodb.net:27017, type=REPLICA_SET_SECONDARY, cryptd=false, state=CONNECTED, ok=true, minWireVersion=0, maxWireVersion=25, maxDocumentSize=16777216, logicalSessionTimeoutMinutes=30, roundTripTimeNanos=252031600, minRoundTripTimeNanos=0, setName='atlas-1bi6sw-shard-0', canonicalAddress=ticketing-app-cluster-shard-00-00.ippit.mongodb.net:27017, hosts=[ticketing-app-cluster-shard-00-00.ippit.mongodb.net:27017, ticketing-app-cluster-shard-00-01.ippit.mongodb.net:27017, ticketing-app-cluster-shard-00-02.ippit.mongodb.net:27017], passives=[], arbiters=[], primary='ticketing-app-cluster-shard-00-01.ippit.mongodb.net:27017', tagSet=TagSet{[Tag{name='availabilityZone', value='asia-south1-a'}, Tag{name='diskState', value='READY'}, Tag{name='nodeType', value='ELECTABLE'}, Tag{name='provider', value='GCP'}, Tag{name='region', value='ASIA_SOUTH_1'}, Tag{name='workloadType', value='OPERATIONAL'}]}, electionId=null, setVersion=4, topologyVersion=TopologyVersion{processId=67409d997261816d1af332e5, counter=4}, lastWriteDate=Mon Dec 02 00:17:39 IST 2024, lastUpdateTimeNanos=566004432341900}
2024-12-02 00:17:40 [cluster-ClusterId{value='674c80380772ee5c9a798433', description='ticketing-app-cluster'}-ticketing-app-cluster-shard-00-01.ippit.mongodb.net:27017] INFO  org.mongodb.driver.cluster - Monitor thread successfully connected to server with description ServerDescription{address=ticketing-app-cluster-shard-00-01.ippit.mongodb.net:27017, type=REPLICA_SET_PRIMARY, cryptd=false, state=CONNECTED, ok=true, minWireVersion=0, maxWireVersion=25, maxDocumentSize=16777216, logicalSessionTimeoutMinutes=30, roundTripTimeNanos=249155200, minRoundTripTimeNanos=0, setName='atlas-1bi6sw-shard-0', canonicalAddress=ticketing-app-cluster-shard-00-01.ippit.mongodb.net:27017, hosts=[ticketing-app-cluster-shard-00-00.ippit.mongodb.net:27017, ticketing-app-cluster-shard-00-01.ippit.mongodb.net:27017, ticketing-app-cluster-shard-00-02.ippit.mongodb.net:27017], passives=[], arbiters=[], primary='ticketing-app-cluster-shard-00-01.ippit.mongodb.net:27017', tagSet=TagSet{[Tag{name='availabilityZone', value='asia-south1-b'}, Tag{name='diskState', value='READY'}, Tag{name='nodeType', value='ELECTABLE'}, Tag{name='provider', value='GCP'}, Tag{name='region', value='ASIA_SOUTH_1'}, Tag{name='workloadType', value='OPERATIONAL'}]}, electionId=7fffffff000000000000001d, setVersion=4, topologyVersion=TopologyVersion{processId=6740a0d43236505b381bf6db, counter=6}, lastWriteDate=Mon Dec 02 00:17:39 IST 2024, lastUpdateTimeNanos=566004433201300}
2024-12-02 00:17:40 [cluster-ClusterId{value='674c80380772ee5c9a798433', description='ticketing-app-cluster'}-ticketing-app-cluster-shard-00-01.ippit.mongodb.net:27017] INFO  org.mongodb.driver.cluster - Discovered replica set primary ticketing-app-cluster-shard-00-01.ippit.mongodb.net:27017 with max election id 7fffffff000000000000001d and max set version 4
2024-12-02 00:17:40 [cluster-ClusterId{value='674c80380772ee5c9a798433', description='ticketing-app-cluster'}-ticketing-app-cluster-shard-00-02.ippit.mongodb.net:27017] INFO  org.mongodb.driver.cluster - Monitor thread successfully connected to server with description ServerDescription{address=ticketing-app-cluster-shard-00-02.ippit.mongodb.net:27017, type=REPLICA_SET_SECONDARY, cryptd=false, state=CONNECTED, ok=true, minWireVersion=0, maxWireVersion=25, maxDocumentSize=16777216, logicalSessionTimeoutMinutes=30, roundTripTimeNanos=253503700, minRoundTripTimeNanos=0, setName='atlas-1bi6sw-shard-0', canonicalAddress=ticketing-app-cluster-shard-00-02.ippit.mongodb.net:27017, hosts=[ticketing-app-cluster-shard-00-00.ippit.mongodb.net:27017, ticketing-app-cluster-shard-00-01.ippit.mongodb.net:27017, ticketing-app-cluster-shard-00-02.ippit.mongodb.net:27017], passives=[], arbiters=[], primary='ticketing-app-cluster-shard-00-01.ippit.mongodb.net:27017', tagSet=TagSet{[Tag{name='availabilityZone', value='asia-south1-c'}, Tag{name='diskState', value='READY'}, Tag{name='nodeType', value='ELECTABLE'}, Tag{name='provider', value='GCP'}, Tag{name='region', value='ASIA_SOUTH_1'}, Tag{name='workloadType', value='OPERATIONAL'}]}, electionId=null, setVersion=4, topologyVersion=TopologyVersion{processId=6740a6bd74a7bde477b7bd6c, counter=3}, lastWriteDate=Mon Dec 02 00:17:39 IST 2024, lastUpdateTimeNanos=566004442773100}
2024-12-02 03:26:17 [cluster-ClusterId{value='674c80380772ee5c9a798433', description='ticketing-app-cluster'}-ticketing-app-cluster-shard-00-02.ippit.mongodb.net:27017] INFO  org.mongodb.driver.cluster - Exception in monitor thread while connecting to server ticketing-app-cluster-shard-00-02.ippit.mongodb.net:27017
com.mongodb.MongoSocketReadException: Exception receiving message
	at com.mongodb.internal.connection.InternalStreamConnection.translateReadException(InternalStreamConnection.java:814)
	at com.mongodb.internal.connection.InternalStreamConnection.receiveResponseBuffers(InternalStreamConnection.java:862)
	at com.mongodb.internal.connection.InternalStreamConnection.receiveCommandMessageResponse(InternalStreamConnection.java:517)
	at com.mongodb.internal.connection.InternalStreamConnection.receive(InternalStreamConnection.java:469)
	at com.mongodb.internal.connection.DefaultServerMonitor$ServerMonitor.lookupServerDescription(DefaultServerMonitor.java:249)
	at com.mongodb.internal.connection.DefaultServerMonitor$ServerMonitor.run(DefaultServerMonitor.java:176)
Caused by: java.net.SocketException: Connection reset
	at java.base/sun.nio.ch.NioSocketImpl.implRead(NioSocketImpl.java:318)
	at java.base/sun.nio.ch.NioSocketImpl.read(NioSocketImpl.java:346)
	at java.base/sun.nio.ch.NioSocketImpl$1.read(NioSocketImpl.java:796)
	at java.base/java.net.Socket$SocketInputStream.implRead(Socket.java:1108)
	at java.base/java.net.Socket$SocketInputStream.read(Socket.java:1095)
	at java.base/sun.security.ssl.SSLSocketInputRecord.read(SSLSocketInputRecord.java:489)
	at java.base/sun.security.ssl.SSLSocketInputRecord.readHeader(SSLSocketInputRecord.java:483)
	at java.base/sun.security.ssl.SSLSocketInputRecord.bytesInCompletePacket(SSLSocketInputRecord.java:70)
	at java.base/sun.security.ssl.SSLSocketImpl.readApplicationRecord(SSLSocketImpl.java:1462)
	at java.base/sun.security.ssl.SSLSocketImpl$AppInputStream.read(SSLSocketImpl.java:1068)
	at com.mongodb.internal.connection.SocketStream.read(SocketStream.java:182)
	at com.mongodb.internal.connection.InternalStreamConnection.receiveResponseBuffers(InternalStreamConnection.java:829)
	... 4 common frames omitted
2024-12-02 03:26:17 [cluster-ClusterId{value='674c80380772ee5c9a798433', description='ticketing-app-cluster'}-ticketing-app-cluster-shard-00-00.ippit.mongodb.net:27017] INFO  org.mongodb.driver.cluster - Exception in monitor thread while connecting to server ticketing-app-cluster-shard-00-00.ippit.mongodb.net:27017
com.mongodb.MongoSocketReadException: Exception receiving message
	at com.mongodb.internal.connection.InternalStreamConnection.translateReadException(InternalStreamConnection.java:814)
	at com.mongodb.internal.connection.InternalStreamConnection.receiveResponseBuffers(InternalStreamConnection.java:862)
	at com.mongodb.internal.connection.InternalStreamConnection.receiveCommandMessageResponse(InternalStreamConnection.java:517)
	at com.mongodb.internal.connection.InternalStreamConnection.receive(InternalStreamConnection.java:469)
	at com.mongodb.internal.connection.DefaultServerMonitor$ServerMonitor.lookupServerDescription(DefaultServerMonitor.java:249)
	at com.mongodb.internal.connection.DefaultServerMonitor$ServerMonitor.run(DefaultServerMonitor.java:176)
Caused by: java.net.SocketException: Connection reset
	at java.base/sun.nio.ch.NioSocketImpl.implRead(NioSocketImpl.java:318)
	at java.base/sun.nio.ch.NioSocketImpl.read(NioSocketImpl.java:346)
	at java.base/sun.nio.ch.NioSocketImpl$1.read(NioSocketImpl.java:796)
	at java.base/java.net.Socket$SocketInputStream.implRead(Socket.java:1108)
	at java.base/java.net.Socket$SocketInputStream.read(Socket.java:1095)
	at java.base/sun.security.ssl.SSLSocketInputRecord.read(SSLSocketInputRecord.java:489)
	at java.base/sun.security.ssl.SSLSocketInputRecord.readHeader(SSLSocketInputRecord.java:483)
	at java.base/sun.security.ssl.SSLSocketInputRecord.bytesInCompletePacket(SSLSocketInputRecord.java:70)
	at java.base/sun.security.ssl.SSLSocketImpl.readApplicationRecord(SSLSocketImpl.java:1462)
	at java.base/sun.security.ssl.SSLSocketImpl$AppInputStream.read(SSLSocketImpl.java:1068)
	at com.mongodb.internal.connection.SocketStream.read(SocketStream.java:182)
	at com.mongodb.internal.connection.InternalStreamConnection.receiveResponseBuffers(InternalStreamConnection.java:829)
	... 4 common frames omitted
2024-12-02 03:26:17 [cluster-ClusterId{value='674c80380772ee5c9a798433', description='ticketing-app-cluster'}-ticketing-app-cluster-shard-00-01.ippit.mongodb.net:27017] INFO  org.mongodb.driver.cluster - Exception in monitor thread while connecting to server ticketing-app-cluster-shard-00-01.ippit.mongodb.net:27017
com.mongodb.MongoSocketReadException: Exception receiving message
	at com.mongodb.internal.connection.InternalStreamConnection.translateReadException(InternalStreamConnection.java:814)
	at com.mongodb.internal.connection.InternalStreamConnection.receiveResponseBuffers(InternalStreamConnection.java:862)
	at com.mongodb.internal.connection.InternalStreamConnection.receiveCommandMessageResponse(InternalStreamConnection.java:517)
	at com.mongodb.internal.connection.InternalStreamConnection.receive(InternalStreamConnection.java:469)
	at com.mongodb.internal.connection.DefaultServerMonitor$ServerMonitor.lookupServerDescription(DefaultServerMonitor.java:249)
	at com.mongodb.internal.connection.DefaultServerMonitor$ServerMonitor.run(DefaultServerMonitor.java:176)
Caused by: java.net.SocketException: Connection reset
	at java.base/sun.nio.ch.NioSocketImpl.implRead(NioSocketImpl.java:318)
	at java.base/sun.nio.ch.NioSocketImpl.read(NioSocketImpl.java:346)
	at java.base/sun.nio.ch.NioSocketImpl$1.read(NioSocketImpl.java:796)
	at java.base/java.net.Socket$SocketInputStream.implRead(Socket.java:1108)
	at java.base/java.net.Socket$SocketInputStream.read(Socket.java:1095)
	at java.base/sun.security.ssl.SSLSocketInputRecord.read(SSLSocketInputRecord.java:489)
	at java.base/sun.security.ssl.SSLSocketInputRecord.readHeader(SSLSocketInputRecord.java:483)
	at java.base/sun.security.ssl.SSLSocketInputRecord.bytesInCompletePacket(SSLSocketInputRecord.java:70)
	at java.base/sun.security.ssl.SSLSocketImpl.readApplicationRecord(SSLSocketImpl.java:1462)
	at java.base/sun.security.ssl.SSLSocketImpl$AppInputStream.read(SSLSocketImpl.java:1068)
	at com.mongodb.internal.connection.SocketStream.read(SocketStream.java:182)
	at com.mongodb.internal.connection.InternalStreamConnection.receiveResponseBuffers(InternalStreamConnection.java:829)
	... 4 common frames omitted
2024-12-02 03:26:21 [cluster-ClusterId{value='674c80380772ee5c9a798433', description='ticketing-app-cluster'}-ticketing-app-cluster-shard-00-02.ippit.mongodb.net:27017] INFO  org.mongodb.driver.cluster - Monitor thread successfully connected to server with description ServerDescription{address=ticketing-app-cluster-shard-00-02.ippit.mongodb.net:27017, type=REPLICA_SET_SECONDARY, cryptd=false, state=CONNECTED, ok=true, minWireVersion=0, maxWireVersion=25, maxDocumentSize=16777216, logicalSessionTimeoutMinutes=30, roundTripTimeNanos=2640606600, minRoundTripTimeNanos=0, setName='atlas-1bi6sw-shard-0', canonicalAddress=ticketing-app-cluster-shard-00-02.ippit.mongodb.net:27017, hosts=[ticketing-app-cluster-shard-00-00.ippit.mongodb.net:27017, ticketing-app-cluster-shard-00-01.ippit.mongodb.net:27017, ticketing-app-cluster-shard-00-02.ippit.mongodb.net:27017], passives=[], arbiters=[], primary='ticketing-app-cluster-shard-00-01.ippit.mongodb.net:27017', tagSet=TagSet{[Tag{name='availabilityZone', value='asia-south1-c'}, Tag{name='diskState', value='READY'}, Tag{name='nodeType', value='ELECTABLE'}, Tag{name='provider', value='GCP'}, Tag{name='region', value='ASIA_SOUTH_1'}, Tag{name='workloadType', value='OPERATIONAL'}]}, electionId=null, setVersion=4, topologyVersion=TopologyVersion{processId=6740a6bd74a7bde477b7bd6c, counter=3}, lastWriteDate=Mon Dec 02 03:26:20 IST 2024, lastUpdateTimeNanos=577326011183000}
2024-12-02 03:26:23 [cluster-ClusterId{value='674c80380772ee5c9a798433', description='ticketing-app-cluster'}-ticketing-app-cluster-shard-00-00.ippit.mongodb.net:27017] INFO  org.mongodb.driver.cluster - Monitor thread successfully connected to server with description ServerDescription{address=ticketing-app-cluster-shard-00-00.ippit.mongodb.net:27017, type=REPLICA_SET_SECONDARY, cryptd=false, state=CONNECTED, ok=true, minWireVersion=0, maxWireVersion=25, maxDocumentSize=16777216, logicalSessionTimeoutMinutes=30, roundTripTimeNanos=4675423500, minRoundTripTimeNanos=0, setName='atlas-1bi6sw-shard-0', canonicalAddress=ticketing-app-cluster-shard-00-00.ippit.mongodb.net:27017, hosts=[ticketing-app-cluster-shard-00-00.ippit.mongodb.net:27017, ticketing-app-cluster-shard-00-01.ippit.mongodb.net:27017, ticketing-app-cluster-shard-00-02.ippit.mongodb.net:27017], passives=[], arbiters=[], primary='ticketing-app-cluster-shard-00-01.ippit.mongodb.net:27017', tagSet=TagSet{[Tag{name='availabilityZone', value='asia-south1-a'}, Tag{name='diskState', value='READY'}, Tag{name='nodeType', value='ELECTABLE'}, Tag{name='provider', value='GCP'}, Tag{name='region', value='ASIA_SOUTH_1'}, Tag{name='workloadType', value='OPERATIONAL'}]}, electionId=null, setVersion=4, topologyVersion=TopologyVersion{processId=67409d997261816d1af332e5, counter=4}, lastWriteDate=Mon Dec 02 03:26:22 IST 2024, lastUpdateTimeNanos=577328030331500}
2024-12-02 03:26:23 [cluster-ClusterId{value='674c80380772ee5c9a798433', description='ticketing-app-cluster'}-ticketing-app-cluster-shard-00-01.ippit.mongodb.net:27017] INFO  org.mongodb.driver.cluster - Monitor thread successfully connected to server with description ServerDescription{address=ticketing-app-cluster-shard-00-01.ippit.mongodb.net:27017, type=REPLICA_SET_PRIMARY, cryptd=false, state=CONNECTED, ok=true, minWireVersion=0, maxWireVersion=25, maxDocumentSize=16777216, logicalSessionTimeoutMinutes=30, roundTripTimeNanos=3958322100, minRoundTripTimeNanos=0, setName='atlas-1bi6sw-shard-0', canonicalAddress=ticketing-app-cluster-shard-00-01.ippit.mongodb.net:27017, hosts=[ticketing-app-cluster-shard-00-00.ippit.mongodb.net:27017, ticketing-app-cluster-shard-00-01.ippit.mongodb.net:27017, ticketing-app-cluster-shard-00-02.ippit.mongodb.net:27017], passives=[], arbiters=[], primary='ticketing-app-cluster-shard-00-01.ippit.mongodb.net:27017', tagSet=TagSet{[Tag{name='availabilityZone', value='asia-south1-b'}, Tag{name='diskState', value='READY'}, Tag{name='nodeType', value='ELECTABLE'}, Tag{name='provider', value='GCP'}, Tag{name='region', value='ASIA_SOUTH_1'}, Tag{name='workloadType', value='OPERATIONAL'}]}, electionId=7fffffff000000000000001d, setVersion=4, topologyVersion=TopologyVersion{processId=6740a0d43236505b381bf6db, counter=6}, lastWriteDate=Mon Dec 02 03:26:22 IST 2024, lastUpdateTimeNanos=577328170489100}
2024-12-02 03:26:23 [cluster-ClusterId{value='674c80380772ee5c9a798433', description='ticketing-app-cluster'}-ticketing-app-cluster-shard-00-01.ippit.mongodb.net:27017] INFO  org.mongodb.driver.cluster - Discovered replica set primary ticketing-app-cluster-shard-00-01.ippit.mongodb.net:27017 with max election id 7fffffff000000000000001d and max set version 4
2024-12-02 07:09:03 [cluster-ClusterId{value='674c80380772ee5c9a798433', description='ticketing-app-cluster'}-ticketing-app-cluster-shard-00-00.ippit.mongodb.net:27017] INFO  org.mongodb.driver.cluster - Exception in monitor thread while connecting to server ticketing-app-cluster-shard-00-00.ippit.mongodb.net:27017
com.mongodb.MongoSocketReadException: Exception receiving message
	at com.mongodb.internal.connection.InternalStreamConnection.translateReadException(InternalStreamConnection.java:814)
	at com.mongodb.internal.connection.InternalStreamConnection.receiveResponseBuffers(InternalStreamConnection.java:862)
	at com.mongodb.internal.connection.InternalStreamConnection.receiveCommandMessageResponse(InternalStreamConnection.java:517)
	at com.mongodb.internal.connection.InternalStreamConnection.receive(InternalStreamConnection.java:469)
	at com.mongodb.internal.connection.DefaultServerMonitor$ServerMonitor.lookupServerDescription(DefaultServerMonitor.java:249)
	at com.mongodb.internal.connection.DefaultServerMonitor$ServerMonitor.run(DefaultServerMonitor.java:176)
Caused by: java.net.SocketException: Connection reset
	at java.base/sun.nio.ch.NioSocketImpl.implRead(NioSocketImpl.java:318)
	at java.base/sun.nio.ch.NioSocketImpl.read(NioSocketImpl.java:346)
	at java.base/sun.nio.ch.NioSocketImpl$1.read(NioSocketImpl.java:796)
	at java.base/java.net.Socket$SocketInputStream.implRead(Socket.java:1108)
	at java.base/java.net.Socket$SocketInputStream.read(Socket.java:1095)
	at java.base/sun.security.ssl.SSLSocketInputRecord.read(SSLSocketInputRecord.java:489)
	at java.base/sun.security.ssl.SSLSocketInputRecord.readHeader(SSLSocketInputRecord.java:483)
	at java.base/sun.security.ssl.SSLSocketInputRecord.bytesInCompletePacket(SSLSocketInputRecord.java:70)
	at java.base/sun.security.ssl.SSLSocketImpl.readApplicationRecord(SSLSocketImpl.java:1462)
	at java.base/sun.security.ssl.SSLSocketImpl$AppInputStream.read(SSLSocketImpl.java:1068)
	at com.mongodb.internal.connection.SocketStream.read(SocketStream.java:182)
	at com.mongodb.internal.connection.InternalStreamConnection.receiveResponseBuffers(InternalStreamConnection.java:829)
	... 4 common frames omitted
2024-12-02 07:09:04 [cluster-ClusterId{value='674c80380772ee5c9a798433', description='ticketing-app-cluster'}-ticketing-app-cluster-shard-00-00.ippit.mongodb.net:27017] INFO  org.mongodb.driver.cluster - Monitor thread successfully connected to server with description ServerDescription{address=ticketing-app-cluster-shard-00-00.ippit.mongodb.net:27017, type=REPLICA_SET_SECONDARY, cryptd=false, state=CONNECTED, ok=true, minWireVersion=0, maxWireVersion=25, maxDocumentSize=16777216, logicalSessionTimeoutMinutes=30, roundTripTimeNanos=257136500, minRoundTripTimeNanos=0, setName='atlas-1bi6sw-shard-0', canonicalAddress=ticketing-app-cluster-shard-00-00.ippit.mongodb.net:27017, hosts=[ticketing-app-cluster-shard-00-00.ippit.mongodb.net:27017, ticketing-app-cluster-shard-00-01.ippit.mongodb.net:27017, ticketing-app-cluster-shard-00-02.ippit.mongodb.net:27017], passives=[], arbiters=[], primary='ticketing-app-cluster-shard-00-01.ippit.mongodb.net:27017', tagSet=TagSet{[Tag{name='availabilityZone', value='asia-south1-a'}, Tag{name='diskState', value='READY'}, Tag{name='nodeType', value='ELECTABLE'}, Tag{name='provider', value='GCP'}, Tag{name='region', value='ASIA_SOUTH_1'}, Tag{name='workloadType', value='OPERATIONAL'}]}, electionId=null, setVersion=4, topologyVersion=TopologyVersion{processId=67409d997261816d1af332e5, counter=4}, lastWriteDate=Mon Dec 02 07:09:03 IST 2024, lastUpdateTimeNanos=590688624444300}
2024-12-02 07:09:05 [cluster-ClusterId{value='674c80380772ee5c9a798433', description='ticketing-app-cluster'}-ticketing-app-cluster-shard-00-02.ippit.mongodb.net:27017] INFO  org.mongodb.driver.cluster - Exception in monitor thread while connecting to server ticketing-app-cluster-shard-00-02.ippit.mongodb.net:27017
com.mongodb.MongoSocketReadException: Exception receiving message
	at com.mongodb.internal.connection.InternalStreamConnection.translateReadException(InternalStreamConnection.java:814)
	at com.mongodb.internal.connection.InternalStreamConnection.receiveResponseBuffers(InternalStreamConnection.java:862)
	at com.mongodb.internal.connection.InternalStreamConnection.receiveCommandMessageResponse(InternalStreamConnection.java:517)
	at com.mongodb.internal.connection.InternalStreamConnection.receive(InternalStreamConnection.java:469)
	at com.mongodb.internal.connection.DefaultServerMonitor$ServerMonitor.lookupServerDescription(DefaultServerMonitor.java:249)
	at com.mongodb.internal.connection.DefaultServerMonitor$ServerMonitor.run(DefaultServerMonitor.java:176)
Caused by: java.net.SocketException: Connection reset
	at java.base/sun.nio.ch.NioSocketImpl.implRead(NioSocketImpl.java:318)
	at java.base/sun.nio.ch.NioSocketImpl.read(NioSocketImpl.java:346)
	at java.base/sun.nio.ch.NioSocketImpl$1.read(NioSocketImpl.java:796)
	at java.base/java.net.Socket$SocketInputStream.implRead(Socket.java:1108)
	at java.base/java.net.Socket$SocketInputStream.read(Socket.java:1095)
	at java.base/sun.security.ssl.SSLSocketInputRecord.read(SSLSocketInputRecord.java:489)
	at java.base/sun.security.ssl.SSLSocketInputRecord.readHeader(SSLSocketInputRecord.java:483)
	at java.base/sun.security.ssl.SSLSocketInputRecord.bytesInCompletePacket(SSLSocketInputRecord.java:70)
	at java.base/sun.security.ssl.SSLSocketImpl.readApplicationRecord(SSLSocketImpl.java:1462)
	at java.base/sun.security.ssl.SSLSocketImpl$AppInputStream.read(SSLSocketImpl.java:1068)
	at com.mongodb.internal.connection.SocketStream.read(SocketStream.java:182)
	at com.mongodb.internal.connection.InternalStreamConnection.receiveResponseBuffers(InternalStreamConnection.java:829)
	... 4 common frames omitted
2024-12-02 07:09:05 [cluster-ClusterId{value='674c80380772ee5c9a798433', description='ticketing-app-cluster'}-ticketing-app-cluster-shard-00-01.ippit.mongodb.net:27017] INFO  org.mongodb.driver.cluster - Exception in monitor thread while connecting to server ticketing-app-cluster-shard-00-01.ippit.mongodb.net:27017
com.mongodb.MongoSocketReadException: Exception receiving message
	at com.mongodb.internal.connection.InternalStreamConnection.translateReadException(InternalStreamConnection.java:814)
	at com.mongodb.internal.connection.InternalStreamConnection.receiveResponseBuffers(InternalStreamConnection.java:862)
	at com.mongodb.internal.connection.InternalStreamConnection.receiveCommandMessageResponse(InternalStreamConnection.java:517)
	at com.mongodb.internal.connection.InternalStreamConnection.receive(InternalStreamConnection.java:469)
	at com.mongodb.internal.connection.DefaultServerMonitor$ServerMonitor.lookupServerDescription(DefaultServerMonitor.java:249)
	at com.mongodb.internal.connection.DefaultServerMonitor$ServerMonitor.run(DefaultServerMonitor.java:176)
Caused by: java.net.SocketException: Connection reset
	at java.base/sun.nio.ch.NioSocketImpl.implRead(NioSocketImpl.java:318)
	at java.base/sun.nio.ch.NioSocketImpl.read(NioSocketImpl.java:346)
	at java.base/sun.nio.ch.NioSocketImpl$1.read(NioSocketImpl.java:796)
	at java.base/java.net.Socket$SocketInputStream.implRead(Socket.java:1108)
	at java.base/java.net.Socket$SocketInputStream.read(Socket.java:1095)
	at java.base/sun.security.ssl.SSLSocketInputRecord.read(SSLSocketInputRecord.java:489)
	at java.base/sun.security.ssl.SSLSocketInputRecord.readHeader(SSLSocketInputRecord.java:483)
	at java.base/sun.security.ssl.SSLSocketInputRecord.bytesInCompletePacket(SSLSocketInputRecord.java:70)
	at java.base/sun.security.ssl.SSLSocketImpl.readApplicationRecord(SSLSocketImpl.java:1462)
	at java.base/sun.security.ssl.SSLSocketImpl$AppInputStream.read(SSLSocketImpl.java:1068)
	at com.mongodb.internal.connection.SocketStream.read(SocketStream.java:182)
	at com.mongodb.internal.connection.InternalStreamConnection.receiveResponseBuffers(InternalStreamConnection.java:829)
	... 4 common frames omitted
2024-12-02 07:09:05 [cluster-ClusterId{value='674c80380772ee5c9a798433', description='ticketing-app-cluster'}-ticketing-app-cluster-shard-00-02.ippit.mongodb.net:27017] INFO  org.mongodb.driver.cluster - Monitor thread successfully connected to server with description ServerDescription{address=ticketing-app-cluster-shard-00-02.ippit.mongodb.net:27017, type=REPLICA_SET_SECONDARY, cryptd=false, state=CONNECTED, ok=true, minWireVersion=0, maxWireVersion=25, maxDocumentSize=16777216, logicalSessionTimeoutMinutes=30, roundTripTimeNanos=231357000, minRoundTripTimeNanos=0, setName='atlas-1bi6sw-shard-0', canonicalAddress=ticketing-app-cluster-shard-00-02.ippit.mongodb.net:27017, hosts=[ticketing-app-cluster-shard-00-00.ippit.mongodb.net:27017, ticketing-app-cluster-shard-00-01.ippit.mongodb.net:27017, ticketing-app-cluster-shard-00-02.ippit.mongodb.net:27017], passives=[], arbiters=[], primary='ticketing-app-cluster-shard-00-01.ippit.mongodb.net:27017', tagSet=TagSet{[Tag{name='availabilityZone', value='asia-south1-c'}, Tag{name='diskState', value='READY'}, Tag{name='nodeType', value='ELECTABLE'}, Tag{name='provider', value='GCP'}, Tag{name='region', value='ASIA_SOUTH_1'}, Tag{name='workloadType', value='OPERATIONAL'}]}, electionId=null, setVersion=4, topologyVersion=TopologyVersion{processId=6740a6bd74a7bde477b7bd6c, counter=3}, lastWriteDate=Mon Dec 02 07:09:04 IST 2024, lastUpdateTimeNanos=590690124105700}
2024-12-02 07:09:06 [cluster-ClusterId{value='674c80380772ee5c9a798433', description='ticketing-app-cluster'}-ticketing-app-cluster-shard-00-01.ippit.mongodb.net:27017] INFO  org.mongodb.driver.cluster - Monitor thread successfully connected to server with description ServerDescription{address=ticketing-app-cluster-shard-00-01.ippit.mongodb.net:27017, type=REPLICA_SET_PRIMARY, cryptd=false, state=CONNECTED, ok=true, minWireVersion=0, maxWireVersion=25, maxDocumentSize=16777216, logicalSessionTimeoutMinutes=30, roundTripTimeNanos=502714900, minRoundTripTimeNanos=0, setName='atlas-1bi6sw-shard-0', canonicalAddress=ticketing-app-cluster-shard-00-01.ippit.mongodb.net:27017, hosts=[ticketing-app-cluster-shard-00-00.ippit.mongodb.net:27017, ticketing-app-cluster-shard-00-01.ippit.mongodb.net:27017, ticketing-app-cluster-shard-00-02.ippit.mongodb.net:27017], passives=[], arbiters=[], primary='ticketing-app-cluster-shard-00-01.ippit.mongodb.net:27017', tagSet=TagSet{[Tag{name='availabilityZone', value='asia-south1-b'}, Tag{name='diskState', value='READY'}, Tag{name='nodeType', value='ELECTABLE'}, Tag{name='provider', value='GCP'}, Tag{name='region', value='ASIA_SOUTH_1'}, Tag{name='workloadType', value='OPERATIONAL'}]}, electionId=7fffffff000000000000001d, setVersion=4, topologyVersion=TopologyVersion{processId=6740a0d43236505b381bf6db, counter=6}, lastWriteDate=Mon Dec 02 07:09:05 IST 2024, lastUpdateTimeNanos=590690568163800}
2024-12-02 07:09:06 [cluster-ClusterId{value='674c80380772ee5c9a798433', description='ticketing-app-cluster'}-ticketing-app-cluster-shard-00-01.ippit.mongodb.net:27017] INFO  org.mongodb.driver.cluster - Discovered replica set primary ticketing-app-cluster-shard-00-01.ippit.mongodb.net:27017 with max election id 7fffffff000000000000001d and max set version 4
2024-12-02 07:26:41 [cluster-ClusterId{value='674c80380772ee5c9a798433', description='ticketing-app-cluster'}-ticketing-app-cluster-shard-00-02.ippit.mongodb.net:27017] INFO  org.mongodb.driver.cluster - Exception in monitor thread while connecting to server ticketing-app-cluster-shard-00-02.ippit.mongodb.net:27017
com.mongodb.MongoSocketReadException: Exception receiving message
	at com.mongodb.internal.connection.InternalStreamConnection.translateReadException(InternalStreamConnection.java:814)
	at com.mongodb.internal.connection.InternalStreamConnection.receiveResponseBuffers(InternalStreamConnection.java:862)
	at com.mongodb.internal.connection.InternalStreamConnection.receiveCommandMessageResponse(InternalStreamConnection.java:517)
	at com.mongodb.internal.connection.InternalStreamConnection.receive(InternalStreamConnection.java:469)
	at com.mongodb.internal.connection.DefaultServerMonitor$ServerMonitor.lookupServerDescription(DefaultServerMonitor.java:249)
	at com.mongodb.internal.connection.DefaultServerMonitor$ServerMonitor.run(DefaultServerMonitor.java:176)
Caused by: java.net.SocketException: Connection reset
	at java.base/sun.nio.ch.NioSocketImpl.implRead(NioSocketImpl.java:318)
	at java.base/sun.nio.ch.NioSocketImpl.read(NioSocketImpl.java:346)
	at java.base/sun.nio.ch.NioSocketImpl$1.read(NioSocketImpl.java:796)
	at java.base/java.net.Socket$SocketInputStream.implRead(Socket.java:1108)
	at java.base/java.net.Socket$SocketInputStream.read(Socket.java:1095)
	at java.base/sun.security.ssl.SSLSocketInputRecord.read(SSLSocketInputRecord.java:489)
	at java.base/sun.security.ssl.SSLSocketInputRecord.readHeader(SSLSocketInputRecord.java:483)
	at java.base/sun.security.ssl.SSLSocketInputRecord.bytesInCompletePacket(SSLSocketInputRecord.java:70)
	at java.base/sun.security.ssl.SSLSocketImpl.readApplicationRecord(SSLSocketImpl.java:1462)
	at java.base/sun.security.ssl.SSLSocketImpl$AppInputStream.read(SSLSocketImpl.java:1068)
	at com.mongodb.internal.connection.SocketStream.read(SocketStream.java:182)
	at com.mongodb.internal.connection.InternalStreamConnection.receiveResponseBuffers(InternalStreamConnection.java:829)
	... 4 common frames omitted
2024-12-02 07:26:41 [cluster-ClusterId{value='674c80380772ee5c9a798433', description='ticketing-app-cluster'}-ticketing-app-cluster-shard-00-01.ippit.mongodb.net:27017] INFO  org.mongodb.driver.cluster - Exception in monitor thread while connecting to server ticketing-app-cluster-shard-00-01.ippit.mongodb.net:27017
com.mongodb.MongoSocketReadException: Exception receiving message
	at com.mongodb.internal.connection.InternalStreamConnection.translateReadException(InternalStreamConnection.java:814)
	at com.mongodb.internal.connection.InternalStreamConnection.receiveResponseBuffers(InternalStreamConnection.java:862)
	at com.mongodb.internal.connection.InternalStreamConnection.receiveCommandMessageResponse(InternalStreamConnection.java:517)
	at com.mongodb.internal.connection.InternalStreamConnection.receive(InternalStreamConnection.java:469)
	at com.mongodb.internal.connection.DefaultServerMonitor$ServerMonitor.lookupServerDescription(DefaultServerMonitor.java:249)
	at com.mongodb.internal.connection.DefaultServerMonitor$ServerMonitor.run(DefaultServerMonitor.java:176)
Caused by: java.net.SocketException: Connection reset
	at java.base/sun.nio.ch.NioSocketImpl.implRead(NioSocketImpl.java:318)
	at java.base/sun.nio.ch.NioSocketImpl.read(NioSocketImpl.java:346)
	at java.base/sun.nio.ch.NioSocketImpl$1.read(NioSocketImpl.java:796)
	at java.base/java.net.Socket$SocketInputStream.implRead(Socket.java:1108)
	at java.base/java.net.Socket$SocketInputStream.read(Socket.java:1095)
	at java.base/sun.security.ssl.SSLSocketInputRecord.read(SSLSocketInputRecord.java:489)
	at java.base/sun.security.ssl.SSLSocketInputRecord.readHeader(SSLSocketInputRecord.java:483)
	at java.base/sun.security.ssl.SSLSocketInputRecord.bytesInCompletePacket(SSLSocketInputRecord.java:70)
	at java.base/sun.security.ssl.SSLSocketImpl.readApplicationRecord(SSLSocketImpl.java:1462)
	at java.base/sun.security.ssl.SSLSocketImpl$AppInputStream.read(SSLSocketImpl.java:1068)
	at com.mongodb.internal.connection.SocketStream.read(SocketStream.java:182)
	at com.mongodb.internal.connection.InternalStreamConnection.receiveResponseBuffers(InternalStreamConnection.java:829)
	... 4 common frames omitted
2024-12-02 07:26:41 [cluster-ClusterId{value='674c80380772ee5c9a798433', description='ticketing-app-cluster'}-ticketing-app-cluster-shard-00-00.ippit.mongodb.net:27017] INFO  org.mongodb.driver.cluster - Exception in monitor thread while connecting to server ticketing-app-cluster-shard-00-00.ippit.mongodb.net:27017
com.mongodb.MongoSocketReadException: Exception receiving message
	at com.mongodb.internal.connection.InternalStreamConnection.translateReadException(InternalStreamConnection.java:814)
	at com.mongodb.internal.connection.InternalStreamConnection.receiveResponseBuffers(InternalStreamConnection.java:862)
	at com.mongodb.internal.connection.InternalStreamConnection.receiveCommandMessageResponse(InternalStreamConnection.java:517)
	at com.mongodb.internal.connection.InternalStreamConnection.receive(InternalStreamConnection.java:469)
	at com.mongodb.internal.connection.DefaultServerMonitor$ServerMonitor.lookupServerDescription(DefaultServerMonitor.java:249)
	at com.mongodb.internal.connection.DefaultServerMonitor$ServerMonitor.run(DefaultServerMonitor.java:176)
Caused by: java.net.SocketException: Connection reset
	at java.base/sun.nio.ch.NioSocketImpl.implRead(NioSocketImpl.java:318)
	at java.base/sun.nio.ch.NioSocketImpl.read(NioSocketImpl.java:346)
	at java.base/sun.nio.ch.NioSocketImpl$1.read(NioSocketImpl.java:796)
	at java.base/java.net.Socket$SocketInputStream.implRead(Socket.java:1108)
	at java.base/java.net.Socket$SocketInputStream.read(Socket.java:1095)
	at java.base/sun.security.ssl.SSLSocketInputRecord.read(SSLSocketInputRecord.java:489)
	at java.base/sun.security.ssl.SSLSocketInputRecord.readHeader(SSLSocketInputRecord.java:483)
	at java.base/sun.security.ssl.SSLSocketInputRecord.bytesInCompletePacket(SSLSocketInputRecord.java:70)
	at java.base/sun.security.ssl.SSLSocketImpl.readApplicationRecord(SSLSocketImpl.java:1462)
	at java.base/sun.security.ssl.SSLSocketImpl$AppInputStream.read(SSLSocketImpl.java:1068)
	at com.mongodb.internal.connection.SocketStream.read(SocketStream.java:182)
	at com.mongodb.internal.connection.InternalStreamConnection.receiveResponseBuffers(InternalStreamConnection.java:829)
	... 4 common frames omitted
2024-12-02 07:26:41 [cluster-ClusterId{value='674c80380772ee5c9a798433', description='ticketing-app-cluster'}-ticketing-app-cluster-shard-00-02.ippit.mongodb.net:27017] INFO  org.mongodb.driver.cluster - Exception in monitor thread while connecting to server ticketing-app-cluster-shard-00-02.ippit.mongodb.net:27017
com.mongodb.MongoSocketException: No such host is known (ticketing-app-cluster-shard-00-02.ippit.mongodb.net)
	at com.mongodb.internal.connection.ServerAddressHelper.getSocketAddresses(ServerAddressHelper.java:75)
	at com.mongodb.internal.connection.SocketStream.initializeSocket(SocketStream.java:100)
	at com.mongodb.internal.connection.SocketStream.open(SocketStream.java:79)
	at com.mongodb.internal.connection.InternalStreamConnection.open(InternalStreamConnection.java:233)
	at com.mongodb.internal.connection.DefaultServerMonitor$ServerMonitor.lookupServerDescription(DefaultServerMonitor.java:219)
	at com.mongodb.internal.connection.DefaultServerMonitor$ServerMonitor.run(DefaultServerMonitor.java:176)
Caused by: java.net.UnknownHostException: No such host is known (ticketing-app-cluster-shard-00-02.ippit.mongodb.net)
	at java.base/java.net.Inet6AddressImpl.lookupAllHostAddr(Native Method)
	at java.base/java.net.Inet6AddressImpl.lookupAllHostAddr(Inet6AddressImpl.java:52)
	at java.base/java.net.InetAddress$PlatformResolver.lookupByName(InetAddress.java:1221)
	at java.base/java.net.InetAddress.getAddressesFromNameService(InetAddress.java:1816)
	at java.base/java.net.InetAddress$NameServiceAddresses.get(InetAddress.java:1149)
	at java.base/java.net.InetAddress.getAllByName0(InetAddress.java:1806)
	at java.base/java.net.InetAddress.getAllByName(InetAddress.java:1676)
	at com.mongodb.internal.connection.DefaultInetAddressResolver.lookupByName(DefaultInetAddressResolver.java:34)
	at com.mongodb.internal.connection.ServerAddressHelper.getSocketAddresses(ServerAddressHelper.java:71)
	... 5 common frames omitted
2024-12-02 07:26:41 [cluster-ClusterId{value='674c80380772ee5c9a798433', description='ticketing-app-cluster'}-ticketing-app-cluster-shard-00-00.ippit.mongodb.net:27017] INFO  org.mongodb.driver.cluster - Exception in monitor thread while connecting to server ticketing-app-cluster-shard-00-00.ippit.mongodb.net:27017
com.mongodb.MongoSocketException: No such host is known (ticketing-app-cluster-shard-00-00.ippit.mongodb.net)
	at com.mongodb.internal.connection.ServerAddressHelper.getSocketAddresses(ServerAddressHelper.java:75)
	at com.mongodb.internal.connection.SocketStream.initializeSocket(SocketStream.java:100)
	at com.mongodb.internal.connection.SocketStream.open(SocketStream.java:79)
	at com.mongodb.internal.connection.InternalStreamConnection.open(InternalStreamConnection.java:233)
	at com.mongodb.internal.connection.DefaultServerMonitor$ServerMonitor.lookupServerDescription(DefaultServerMonitor.java:219)
	at com.mongodb.internal.connection.DefaultServerMonitor$ServerMonitor.run(DefaultServerMonitor.java:176)
Caused by: java.net.UnknownHostException: No such host is known (ticketing-app-cluster-shard-00-00.ippit.mongodb.net)
	at java.base/java.net.Inet6AddressImpl.lookupAllHostAddr(Native Method)
	at java.base/java.net.Inet6AddressImpl.lookupAllHostAddr(Inet6AddressImpl.java:52)
	at java.base/java.net.InetAddress$PlatformResolver.lookupByName(InetAddress.java:1221)
	at java.base/java.net.InetAddress.getAddressesFromNameService(InetAddress.java:1816)
	at java.base/java.net.InetAddress$NameServiceAddresses.get(InetAddress.java:1149)
	at java.base/java.net.InetAddress.getAllByName0(InetAddress.java:1806)
	at java.base/java.net.InetAddress.getAllByName(InetAddress.java:1676)
	at com.mongodb.internal.connection.DefaultInetAddressResolver.lookupByName(DefaultInetAddressResolver.java:34)
	at com.mongodb.internal.connection.ServerAddressHelper.getSocketAddresses(ServerAddressHelper.java:71)
	... 5 common frames omitted
2024-12-02 07:26:41 [cluster-ClusterId{value='674c80380772ee5c9a798433', description='ticketing-app-cluster'}-ticketing-app-cluster-shard-00-01.ippit.mongodb.net:27017] INFO  org.mongodb.driver.cluster - Exception in monitor thread while connecting to server ticketing-app-cluster-shard-00-01.ippit.mongodb.net:27017
com.mongodb.MongoSocketOpenException: Exception opening socket
	at com.mongodb.internal.connection.SocketStream.lambda$open$0(SocketStream.java:85)
	at java.base/java.util.Optional.orElseThrow(Optional.java:403)
	at com.mongodb.internal.connection.SocketStream.open(SocketStream.java:85)
	at com.mongodb.internal.connection.InternalStreamConnection.open(InternalStreamConnection.java:233)
	at com.mongodb.internal.connection.DefaultServerMonitor$ServerMonitor.lookupServerDescription(DefaultServerMonitor.java:219)
	at com.mongodb.internal.connection.DefaultServerMonitor$ServerMonitor.run(DefaultServerMonitor.java:176)
Caused by: java.net.SocketException: Network is unreachable: getsockopt
	at java.base/sun.nio.ch.Net.pollConnect(Native Method)
	at java.base/sun.nio.ch.Net.pollConnectNow(Net.java:682)
	at java.base/sun.nio.ch.NioSocketImpl.timedFinishConnect(NioSocketImpl.java:542)
	at java.base/sun.nio.ch.NioSocketImpl.connect(NioSocketImpl.java:592)
	at java.base/java.net.SocksSocketImpl.connect(SocksSocketImpl.java:327)
	at java.base/java.net.Socket.connect(Socket.java:752)
	at java.base/sun.security.ssl.SSLSocketImpl.connect(SSLSocketImpl.java:304)
	at com.mongodb.internal.connection.SocketStreamHelper.initialize(SocketStreamHelper.java:76)
	at com.mongodb.internal.connection.SocketStream.initializeSocket(SocketStream.java:104)
	at com.mongodb.internal.connection.SocketStream.open(SocketStream.java:79)
	... 3 common frames omitted
2024-12-02 08:23:41 [http-nio-8080-exec-9] DEBUG o.s.w.s.h.LoggingWebSocketHandlerDecorator - StandardWebSocketSession[id=57874f66-0c02-3d40-3abc-be29925dd540, uri=ws://localhost:8080/ticketing-websocket] closed with CloseStatus[code=1000, reason=null]
2024-12-02 16:14:18 [cluster-ClusterId{value='674c80380772ee5c9a798433', description='ticketing-app-cluster'}-ticketing-app-cluster-shard-00-02.ippit.mongodb.net:27017] INFO  org.mongodb.driver.cluster - Monitor thread successfully connected to server with description ServerDescription{address=ticketing-app-cluster-shard-00-02.ippit.mongodb.net:27017, type=REPLICA_SET_SECONDARY, cryptd=false, state=CONNECTED, ok=true, minWireVersion=0, maxWireVersion=25, maxDocumentSize=16777216, logicalSessionTimeoutMinutes=30, roundTripTimeNanos=245906300, minRoundTripTimeNanos=0, setName='atlas-1bi6sw-shard-0', canonicalAddress=ticketing-app-cluster-shard-00-02.ippit.mongodb.net:27017, hosts=[ticketing-app-cluster-shard-00-00.ippit.mongodb.net:27017, ticketing-app-cluster-shard-00-01.ippit.mongodb.net:27017, ticketing-app-cluster-shard-00-02.ippit.mongodb.net:27017], passives=[], arbiters=[], primary='ticketing-app-cluster-shard-00-01.ippit.mongodb.net:27017', tagSet=TagSet{[Tag{name='availabilityZone', value='asia-south1-c'}, Tag{name='diskState', value='READY'}, Tag{name='nodeType', value='ELECTABLE'}, Tag{name='provider', value='GCP'}, Tag{name='region', value='ASIA_SOUTH_1'}, Tag{name='workloadType', value='OPERATIONAL'}]}, electionId=null, setVersion=4, topologyVersion=TopologyVersion{processId=6740a6bd74a7bde477b7bd6c, counter=3}, lastWriteDate=Mon Dec 02 16:14:16 IST 2024, lastUpdateTimeNanos=623408350639900}
2024-12-02 16:14:18 [cluster-ClusterId{value='674c80380772ee5c9a798433', description='ticketing-app-cluster'}-ticketing-app-cluster-shard-00-00.ippit.mongodb.net:27017] INFO  org.mongodb.driver.cluster - Monitor thread successfully connected to server with description ServerDescription{address=ticketing-app-cluster-shard-00-00.ippit.mongodb.net:27017, type=REPLICA_SET_SECONDARY, cryptd=false, state=CONNECTED, ok=true, minWireVersion=0, maxWireVersion=25, maxDocumentSize=16777216, logicalSessionTimeoutMinutes=30, roundTripTimeNanos=268021700, minRoundTripTimeNanos=0, setName='atlas-1bi6sw-shard-0', canonicalAddress=ticketing-app-cluster-shard-00-00.ippit.mongodb.net:27017, hosts=[ticketing-app-cluster-shard-00-00.ippit.mongodb.net:27017, ticketing-app-cluster-shard-00-01.ippit.mongodb.net:27017, ticketing-app-cluster-shard-00-02.ippit.mongodb.net:27017], passives=[], arbiters=[], primary='ticketing-app-cluster-shard-00-01.ippit.mongodb.net:27017', tagSet=TagSet{[Tag{name='availabilityZone', value='asia-south1-a'}, Tag{name='diskState', value='READY'}, Tag{name='nodeType', value='ELECTABLE'}, Tag{name='provider', value='GCP'}, Tag{name='region', value='ASIA_SOUTH_1'}, Tag{name='workloadType', value='OPERATIONAL'}]}, electionId=null, setVersion=4, topologyVersion=TopologyVersion{processId=67409d997261816d1af332e5, counter=4}, lastWriteDate=Mon Dec 02 16:14:16 IST 2024, lastUpdateTimeNanos=623408454180500}
2024-12-02 16:14:18 [cluster-ClusterId{value='674c80380772ee5c9a798433', description='ticketing-app-cluster'}-ticketing-app-cluster-shard-00-01.ippit.mongodb.net:27017] INFO  org.mongodb.driver.cluster - Monitor thread successfully connected to server with description ServerDescription{address=ticketing-app-cluster-shard-00-01.ippit.mongodb.net:27017, type=REPLICA_SET_PRIMARY, cryptd=false, state=CONNECTED, ok=true, minWireVersion=0, maxWireVersion=25, maxDocumentSize=16777216, logicalSessionTimeoutMinutes=30, roundTripTimeNanos=322350100, minRoundTripTimeNanos=0, setName='atlas-1bi6sw-shard-0', canonicalAddress=ticketing-app-cluster-shard-00-01.ippit.mongodb.net:27017, hosts=[ticketing-app-cluster-shard-00-00.ippit.mongodb.net:27017, ticketing-app-cluster-shard-00-01.ippit.mongodb.net:27017, ticketing-app-cluster-shard-00-02.ippit.mongodb.net:27017], passives=[], arbiters=[], primary='ticketing-app-cluster-shard-00-01.ippit.mongodb.net:27017', tagSet=TagSet{[Tag{name='availabilityZone', value='asia-south1-b'}, Tag{name='diskState', value='READY'}, Tag{name='nodeType', value='ELECTABLE'}, Tag{name='provider', value='GCP'}, Tag{name='region', value='ASIA_SOUTH_1'}, Tag{name='workloadType', value='OPERATIONAL'}]}, electionId=7fffffff000000000000001d, setVersion=4, topologyVersion=TopologyVersion{processId=6740a0d43236505b381bf6db, counter=6}, lastWriteDate=Mon Dec 02 16:14:16 IST 2024, lastUpdateTimeNanos=623408519618900}
2024-12-02 16:14:18 [cluster-ClusterId{value='674c80380772ee5c9a798433', description='ticketing-app-cluster'}-ticketing-app-cluster-shard-00-01.ippit.mongodb.net:27017] INFO  org.mongodb.driver.cluster - Discovered replica set primary ticketing-app-cluster-shard-00-01.ippit.mongodb.net:27017 with max election id 7fffffff000000000000001d and max set version 4
2024-12-02 17:03:15 [cluster-ClusterId{value='674c80380772ee5c9a798433', description='ticketing-app-cluster'}-ticketing-app-cluster-shard-00-01.ippit.mongodb.net:27017] INFO  org.mongodb.driver.cluster - Exception in monitor thread while connecting to server ticketing-app-cluster-shard-00-01.ippit.mongodb.net:27017
com.mongodb.MongoSocketReadException: Exception receiving message
	at com.mongodb.internal.connection.InternalStreamConnection.translateReadException(InternalStreamConnection.java:814)
	at com.mongodb.internal.connection.InternalStreamConnection.receiveResponseBuffers(InternalStreamConnection.java:862)
	at com.mongodb.internal.connection.InternalStreamConnection.receiveCommandMessageResponse(InternalStreamConnection.java:517)
	at com.mongodb.internal.connection.InternalStreamConnection.receive(InternalStreamConnection.java:469)
	at com.mongodb.internal.connection.DefaultServerMonitor$ServerMonitor.lookupServerDescription(DefaultServerMonitor.java:249)
	at com.mongodb.internal.connection.DefaultServerMonitor$ServerMonitor.run(DefaultServerMonitor.java:176)
Caused by: java.net.SocketException: Connection reset
	at java.base/sun.nio.ch.NioSocketImpl.implRead(NioSocketImpl.java:318)
	at java.base/sun.nio.ch.NioSocketImpl.read(NioSocketImpl.java:346)
	at java.base/sun.nio.ch.NioSocketImpl$1.read(NioSocketImpl.java:796)
	at java.base/java.net.Socket$SocketInputStream.implRead(Socket.java:1108)
	at java.base/java.net.Socket$SocketInputStream.read(Socket.java:1095)
	at java.base/sun.security.ssl.SSLSocketInputRecord.read(SSLSocketInputRecord.java:489)
	at java.base/sun.security.ssl.SSLSocketInputRecord.readHeader(SSLSocketInputRecord.java:483)
	at java.base/sun.security.ssl.SSLSocketInputRecord.bytesInCompletePacket(SSLSocketInputRecord.java:70)
	at java.base/sun.security.ssl.SSLSocketImpl.readApplicationRecord(SSLSocketImpl.java:1462)
	at java.base/sun.security.ssl.SSLSocketImpl$AppInputStream.read(SSLSocketImpl.java:1068)
	at com.mongodb.internal.connection.SocketStream.read(SocketStream.java:182)
	at com.mongodb.internal.connection.InternalStreamConnection.receiveResponseBuffers(InternalStreamConnection.java:829)
	... 4 common frames omitted
2024-12-02 17:03:15 [cluster-ClusterId{value='674c80380772ee5c9a798433', description='ticketing-app-cluster'}-ticketing-app-cluster-shard-00-02.ippit.mongodb.net:27017] INFO  org.mongodb.driver.cluster - Exception in monitor thread while connecting to server ticketing-app-cluster-shard-00-02.ippit.mongodb.net:27017
com.mongodb.MongoSocketReadException: Exception receiving message
	at com.mongodb.internal.connection.InternalStreamConnection.translateReadException(InternalStreamConnection.java:814)
	at com.mongodb.internal.connection.InternalStreamConnection.receiveResponseBuffers(InternalStreamConnection.java:862)
	at com.mongodb.internal.connection.InternalStreamConnection.receiveCommandMessageResponse(InternalStreamConnection.java:517)
	at com.mongodb.internal.connection.InternalStreamConnection.receive(InternalStreamConnection.java:469)
	at com.mongodb.internal.connection.DefaultServerMonitor$ServerMonitor.lookupServerDescription(DefaultServerMonitor.java:249)
	at com.mongodb.internal.connection.DefaultServerMonitor$ServerMonitor.run(DefaultServerMonitor.java:176)
Caused by: java.net.SocketException: Connection reset
	at java.base/sun.nio.ch.NioSocketImpl.implRead(NioSocketImpl.java:318)
	at java.base/sun.nio.ch.NioSocketImpl.read(NioSocketImpl.java:346)
	at java.base/sun.nio.ch.NioSocketImpl$1.read(NioSocketImpl.java:796)
	at java.base/java.net.Socket$SocketInputStream.implRead(Socket.java:1108)
	at java.base/java.net.Socket$SocketInputStream.read(Socket.java:1095)
	at java.base/sun.security.ssl.SSLSocketInputRecord.read(SSLSocketInputRecord.java:489)
	at java.base/sun.security.ssl.SSLSocketInputRecord.readHeader(SSLSocketInputRecord.java:483)
	at java.base/sun.security.ssl.SSLSocketInputRecord.bytesInCompletePacket(SSLSocketInputRecord.java:70)
	at java.base/sun.security.ssl.SSLSocketImpl.readApplicationRecord(SSLSocketImpl.java:1462)
	at java.base/sun.security.ssl.SSLSocketImpl$AppInputStream.read(SSLSocketImpl.java:1068)
	at com.mongodb.internal.connection.SocketStream.read(SocketStream.java:182)
	at com.mongodb.internal.connection.InternalStreamConnection.receiveResponseBuffers(InternalStreamConnection.java:829)
	... 4 common frames omitted
2024-12-02 17:03:15 [cluster-ClusterId{value='674c80380772ee5c9a798433', description='ticketing-app-cluster'}-ticketing-app-cluster-shard-00-00.ippit.mongodb.net:27017] INFO  org.mongodb.driver.cluster - Exception in monitor thread while connecting to server ticketing-app-cluster-shard-00-00.ippit.mongodb.net:27017
com.mongodb.MongoSocketReadException: Exception receiving message
	at com.mongodb.internal.connection.InternalStreamConnection.translateReadException(InternalStreamConnection.java:814)
	at com.mongodb.internal.connection.InternalStreamConnection.receiveResponseBuffers(InternalStreamConnection.java:862)
	at com.mongodb.internal.connection.InternalStreamConnection.receiveCommandMessageResponse(InternalStreamConnection.java:517)
	at com.mongodb.internal.connection.InternalStreamConnection.receive(InternalStreamConnection.java:469)
	at com.mongodb.internal.connection.DefaultServerMonitor$ServerMonitor.lookupServerDescription(DefaultServerMonitor.java:249)
	at com.mongodb.internal.connection.DefaultServerMonitor$ServerMonitor.run(DefaultServerMonitor.java:176)
Caused by: java.net.SocketException: Connection reset
	at java.base/sun.nio.ch.NioSocketImpl.implRead(NioSocketImpl.java:318)
	at java.base/sun.nio.ch.NioSocketImpl.read(NioSocketImpl.java:346)
	at java.base/sun.nio.ch.NioSocketImpl$1.read(NioSocketImpl.java:796)
	at java.base/java.net.Socket$SocketInputStream.implRead(Socket.java:1108)
	at java.base/java.net.Socket$SocketInputStream.read(Socket.java:1095)
	at java.base/sun.security.ssl.SSLSocketInputRecord.read(SSLSocketInputRecord.java:489)
	at java.base/sun.security.ssl.SSLSocketInputRecord.readHeader(SSLSocketInputRecord.java:483)
	at java.base/sun.security.ssl.SSLSocketInputRecord.bytesInCompletePacket(SSLSocketInputRecord.java:70)
	at java.base/sun.security.ssl.SSLSocketImpl.readApplicationRecord(SSLSocketImpl.java:1462)
	at java.base/sun.security.ssl.SSLSocketImpl$AppInputStream.read(SSLSocketImpl.java:1068)
	at com.mongodb.internal.connection.SocketStream.read(SocketStream.java:182)
	at com.mongodb.internal.connection.InternalStreamConnection.receiveResponseBuffers(InternalStreamConnection.java:829)
	... 4 common frames omitted
2024-12-02 17:03:27 [cluster-ClusterId{value='674c80380772ee5c9a798433', description='ticketing-app-cluster'}-ticketing-app-cluster-shard-00-02.ippit.mongodb.net:27017] INFO  org.mongodb.driver.cluster - Exception in monitor thread while connecting to server ticketing-app-cluster-shard-00-02.ippit.mongodb.net:27017
com.mongodb.MongoSocketException: No such host is known (ticketing-app-cluster-shard-00-02.ippit.mongodb.net)
	at com.mongodb.internal.connection.ServerAddressHelper.getSocketAddresses(ServerAddressHelper.java:75)
	at com.mongodb.internal.connection.SocketStream.initializeSocket(SocketStream.java:100)
	at com.mongodb.internal.connection.SocketStream.open(SocketStream.java:79)
	at com.mongodb.internal.connection.InternalStreamConnection.open(InternalStreamConnection.java:233)
	at com.mongodb.internal.connection.DefaultServerMonitor$ServerMonitor.lookupServerDescription(DefaultServerMonitor.java:219)
	at com.mongodb.internal.connection.DefaultServerMonitor$ServerMonitor.run(DefaultServerMonitor.java:176)
Caused by: java.net.UnknownHostException: No such host is known (ticketing-app-cluster-shard-00-02.ippit.mongodb.net)
	at java.base/java.net.Inet6AddressImpl.lookupAllHostAddr(Native Method)
	at java.base/java.net.Inet6AddressImpl.lookupAllHostAddr(Inet6AddressImpl.java:52)
	at java.base/java.net.InetAddress$PlatformResolver.lookupByName(InetAddress.java:1221)
	at java.base/java.net.InetAddress.getAddressesFromNameService(InetAddress.java:1816)
	at java.base/java.net.InetAddress$NameServiceAddresses.get(InetAddress.java:1149)
	at java.base/java.net.InetAddress.getAllByName0(InetAddress.java:1806)
	at java.base/java.net.InetAddress.getAllByName(InetAddress.java:1676)
	at com.mongodb.internal.connection.DefaultInetAddressResolver.lookupByName(DefaultInetAddressResolver.java:34)
	at com.mongodb.internal.connection.ServerAddressHelper.getSocketAddresses(ServerAddressHelper.java:71)
	... 5 common frames omitted
2024-12-02 17:03:27 [cluster-ClusterId{value='674c80380772ee5c9a798433', description='ticketing-app-cluster'}-ticketing-app-cluster-shard-00-01.ippit.mongodb.net:27017] INFO  org.mongodb.driver.cluster - Exception in monitor thread while connecting to server ticketing-app-cluster-shard-00-01.ippit.mongodb.net:27017
com.mongodb.MongoSocketException: No such host is known (ticketing-app-cluster-shard-00-01.ippit.mongodb.net)
	at com.mongodb.internal.connection.ServerAddressHelper.getSocketAddresses(ServerAddressHelper.java:75)
	at com.mongodb.internal.connection.SocketStream.initializeSocket(SocketStream.java:100)
	at com.mongodb.internal.connection.SocketStream.open(SocketStream.java:79)
	at com.mongodb.internal.connection.InternalStreamConnection.open(InternalStreamConnection.java:233)
	at com.mongodb.internal.connection.DefaultServerMonitor$ServerMonitor.lookupServerDescription(DefaultServerMonitor.java:219)
	at com.mongodb.internal.connection.DefaultServerMonitor$ServerMonitor.run(DefaultServerMonitor.java:176)
Caused by: java.net.UnknownHostException: No such host is known (ticketing-app-cluster-shard-00-01.ippit.mongodb.net)
	at java.base/java.net.Inet6AddressImpl.lookupAllHostAddr(Native Method)
	at java.base/java.net.Inet6AddressImpl.lookupAllHostAddr(Inet6AddressImpl.java:52)
	at java.base/java.net.InetAddress$PlatformResolver.lookupByName(InetAddress.java:1221)
	at java.base/java.net.InetAddress.getAddressesFromNameService(InetAddress.java:1816)
	at java.base/java.net.InetAddress$NameServiceAddresses.get(InetAddress.java:1149)
	at java.base/java.net.InetAddress.getAllByName0(InetAddress.java:1806)
	at java.base/java.net.InetAddress.getAllByName(InetAddress.java:1676)
	at com.mongodb.internal.connection.DefaultInetAddressResolver.lookupByName(DefaultInetAddressResolver.java:34)
	at com.mongodb.internal.connection.ServerAddressHelper.getSocketAddresses(ServerAddressHelper.java:71)
	... 5 common frames omitted
2024-12-02 17:03:27 [cluster-ClusterId{value='674c80380772ee5c9a798433', description='ticketing-app-cluster'}-ticketing-app-cluster-shard-00-00.ippit.mongodb.net:27017] INFO  org.mongodb.driver.cluster - Exception in monitor thread while connecting to server ticketing-app-cluster-shard-00-00.ippit.mongodb.net:27017
com.mongodb.MongoSocketException: No such host is known (ticketing-app-cluster-shard-00-00.ippit.mongodb.net)
	at com.mongodb.internal.connection.ServerAddressHelper.getSocketAddresses(ServerAddressHelper.java:75)
	at com.mongodb.internal.connection.SocketStream.initializeSocket(SocketStream.java:100)
	at com.mongodb.internal.connection.SocketStream.open(SocketStream.java:79)
	at com.mongodb.internal.connection.InternalStreamConnection.open(InternalStreamConnection.java:233)
	at com.mongodb.internal.connection.DefaultServerMonitor$ServerMonitor.lookupServerDescription(DefaultServerMonitor.java:219)
	at com.mongodb.internal.connection.DefaultServerMonitor$ServerMonitor.run(DefaultServerMonitor.java:176)
Caused by: java.net.UnknownHostException: No such host is known (ticketing-app-cluster-shard-00-00.ippit.mongodb.net)
	at java.base/java.net.Inet6AddressImpl.lookupAllHostAddr(Native Method)
	at java.base/java.net.Inet6AddressImpl.lookupAllHostAddr(Inet6AddressImpl.java:52)
	at java.base/java.net.InetAddress$PlatformResolver.lookupByName(InetAddress.java:1221)
	at java.base/java.net.InetAddress.getAddressesFromNameService(InetAddress.java:1816)
	at java.base/java.net.InetAddress$NameServiceAddresses.get(InetAddress.java:1149)
	at java.base/java.net.InetAddress.getAllByName0(InetAddress.java:1806)
	at java.base/java.net.InetAddress.getAllByName(InetAddress.java:1676)
	at com.mongodb.internal.connection.DefaultInetAddressResolver.lookupByName(DefaultInetAddressResolver.java:34)
	at com.mongodb.internal.connection.ServerAddressHelper.getSocketAddresses(ServerAddressHelper.java:71)
	... 5 common frames omitted
2024-12-02 17:03:38 [cluster-ClusterId{value='674c80380772ee5c9a798433', description='ticketing-app-cluster'}-ticketing-app-cluster-shard-00-01.ippit.mongodb.net:27017] INFO  org.mongodb.driver.cluster - Monitor thread successfully connected to server with description ServerDescription{address=ticketing-app-cluster-shard-00-01.ippit.mongodb.net:27017, type=REPLICA_SET_PRIMARY, cryptd=false, state=CONNECTED, ok=true, minWireVersion=0, maxWireVersion=25, maxDocumentSize=16777216, logicalSessionTimeoutMinutes=30, roundTripTimeNanos=259737200, minRoundTripTimeNanos=0, setName='atlas-1bi6sw-shard-0', canonicalAddress=ticketing-app-cluster-shard-00-01.ippit.mongodb.net:27017, hosts=[ticketing-app-cluster-shard-00-00.ippit.mongodb.net:27017, ticketing-app-cluster-shard-00-01.ippit.mongodb.net:27017, ticketing-app-cluster-shard-00-02.ippit.mongodb.net:27017], passives=[], arbiters=[], primary='ticketing-app-cluster-shard-00-01.ippit.mongodb.net:27017', tagSet=TagSet{[Tag{name='availabilityZone', value='asia-south1-b'}, Tag{name='diskState', value='READY'}, Tag{name='nodeType', value='ELECTABLE'}, Tag{name='provider', value='GCP'}, Tag{name='region', value='ASIA_SOUTH_1'}, Tag{name='workloadType', value='OPERATIONAL'}]}, electionId=7fffffff000000000000001d, setVersion=4, topologyVersion=TopologyVersion{processId=6740a0d43236505b381bf6db, counter=6}, lastWriteDate=Mon Dec 02 17:03:37 IST 2024, lastUpdateTimeNanos=626368638215400}
2024-12-02 17:03:38 [cluster-ClusterId{value='674c80380772ee5c9a798433', description='ticketing-app-cluster'}-ticketing-app-cluster-shard-00-00.ippit.mongodb.net:27017] INFO  org.mongodb.driver.cluster - Monitor thread successfully connected to server with description ServerDescription{address=ticketing-app-cluster-shard-00-00.ippit.mongodb.net:27017, type=REPLICA_SET_SECONDARY, cryptd=false, state=CONNECTED, ok=true, minWireVersion=0, maxWireVersion=25, maxDocumentSize=16777216, logicalSessionTimeoutMinutes=30, roundTripTimeNanos=249282300, minRoundTripTimeNanos=0, setName='atlas-1bi6sw-shard-0', canonicalAddress=ticketing-app-cluster-shard-00-00.ippit.mongodb.net:27017, hosts=[ticketing-app-cluster-shard-00-00.ippit.mongodb.net:27017, ticketing-app-cluster-shard-00-01.ippit.mongodb.net:27017, ticketing-app-cluster-shard-00-02.ippit.mongodb.net:27017], passives=[], arbiters=[], primary='ticketing-app-cluster-shard-00-01.ippit.mongodb.net:27017', tagSet=TagSet{[Tag{name='availabilityZone', value='asia-south1-a'}, Tag{name='diskState', value='READY'}, Tag{name='nodeType', value='ELECTABLE'}, Tag{name='provider', value='GCP'}, Tag{name='region', value='ASIA_SOUTH_1'}, Tag{name='workloadType', value='OPERATIONAL'}]}, electionId=null, setVersion=4, topologyVersion=TopologyVersion{processId=67409d997261816d1af332e5, counter=4}, lastWriteDate=Mon Dec 02 17:03:37 IST 2024, lastUpdateTimeNanos=626368638688800}
2024-12-02 17:03:38 [cluster-ClusterId{value='674c80380772ee5c9a798433', description='ticketing-app-cluster'}-ticketing-app-cluster-shard-00-01.ippit.mongodb.net:27017] INFO  org.mongodb.driver.cluster - Discovered replica set primary ticketing-app-cluster-shard-00-01.ippit.mongodb.net:27017 with max election id 7fffffff000000000000001d and max set version 4
2024-12-02 17:03:38 [cluster-ClusterId{value='674c80380772ee5c9a798433', description='ticketing-app-cluster'}-ticketing-app-cluster-shard-00-02.ippit.mongodb.net:27017] INFO  org.mongodb.driver.cluster - Monitor thread successfully connected to server with description ServerDescription{address=ticketing-app-cluster-shard-00-02.ippit.mongodb.net:27017, type=REPLICA_SET_SECONDARY, cryptd=false, state=CONNECTED, ok=true, minWireVersion=0, maxWireVersion=25, maxDocumentSize=16777216, logicalSessionTimeoutMinutes=30, roundTripTimeNanos=247967400, minRoundTripTimeNanos=0, setName='atlas-1bi6sw-shard-0', canonicalAddress=ticketing-app-cluster-shard-00-02.ippit.mongodb.net:27017, hosts=[ticketing-app-cluster-shard-00-00.ippit.mongodb.net:27017, ticketing-app-cluster-shard-00-01.ippit.mongodb.net:27017, ticketing-app-cluster-shard-00-02.ippit.mongodb.net:27017], passives=[], arbiters=[], primary='ticketing-app-cluster-shard-00-01.ippit.mongodb.net:27017', tagSet=TagSet{[Tag{name='availabilityZone', value='asia-south1-c'}, Tag{name='diskState', value='READY'}, Tag{name='nodeType', value='ELECTABLE'}, Tag{name='provider', value='GCP'}, Tag{name='region', value='ASIA_SOUTH_1'}, Tag{name='workloadType', value='OPERATIONAL'}]}, electionId=null, setVersion=4, topologyVersion=TopologyVersion{processId=6740a6bd74a7bde477b7bd6c, counter=3}, lastWriteDate=Mon Dec 02 17:03:37 IST 2024, lastUpdateTimeNanos=626368641511900}
2024-12-02 17:15:23 [cluster-ClusterId{value='674c80380772ee5c9a798433', description='ticketing-app-cluster'}-ticketing-app-cluster-shard-00-00.ippit.mongodb.net:27017] INFO  org.mongodb.driver.cluster - Exception in monitor thread while connecting to server ticketing-app-cluster-shard-00-00.ippit.mongodb.net:27017
com.mongodb.MongoSocketReadException: Exception receiving message
	at com.mongodb.internal.connection.InternalStreamConnection.translateReadException(InternalStreamConnection.java:814)
	at com.mongodb.internal.connection.InternalStreamConnection.receiveResponseBuffers(InternalStreamConnection.java:862)
	at com.mongodb.internal.connection.InternalStreamConnection.receiveCommandMessageResponse(InternalStreamConnection.java:517)
	at com.mongodb.internal.connection.InternalStreamConnection.receive(InternalStreamConnection.java:469)
	at com.mongodb.internal.connection.DefaultServerMonitor$ServerMonitor.lookupServerDescription(DefaultServerMonitor.java:249)
	at com.mongodb.internal.connection.DefaultServerMonitor$ServerMonitor.run(DefaultServerMonitor.java:176)
Caused by: java.net.SocketException: Connection reset
	at java.base/sun.nio.ch.NioSocketImpl.implRead(NioSocketImpl.java:318)
	at java.base/sun.nio.ch.NioSocketImpl.read(NioSocketImpl.java:346)
	at java.base/sun.nio.ch.NioSocketImpl$1.read(NioSocketImpl.java:796)
	at java.base/java.net.Socket$SocketInputStream.implRead(Socket.java:1108)
	at java.base/java.net.Socket$SocketInputStream.read(Socket.java:1095)
	at java.base/sun.security.ssl.SSLSocketInputRecord.read(SSLSocketInputRecord.java:489)
	at java.base/sun.security.ssl.SSLSocketInputRecord.readHeader(SSLSocketInputRecord.java:483)
	at java.base/sun.security.ssl.SSLSocketInputRecord.bytesInCompletePacket(SSLSocketInputRecord.java:70)
	at java.base/sun.security.ssl.SSLSocketImpl.readApplicationRecord(SSLSocketImpl.java:1462)
	at java.base/sun.security.ssl.SSLSocketImpl$AppInputStream.read(SSLSocketImpl.java:1068)
	at com.mongodb.internal.connection.SocketStream.read(SocketStream.java:182)
	at com.mongodb.internal.connection.InternalStreamConnection.receiveResponseBuffers(InternalStreamConnection.java:829)
	... 4 common frames omitted
2024-12-02 17:15:23 [cluster-ClusterId{value='674c80380772ee5c9a798433', description='ticketing-app-cluster'}-ticketing-app-cluster-shard-00-02.ippit.mongodb.net:27017] INFO  org.mongodb.driver.cluster - Exception in monitor thread while connecting to server ticketing-app-cluster-shard-00-02.ippit.mongodb.net:27017
com.mongodb.MongoSocketReadException: Exception receiving message
	at com.mongodb.internal.connection.InternalStreamConnection.translateReadException(InternalStreamConnection.java:814)
	at com.mongodb.internal.connection.InternalStreamConnection.receiveResponseBuffers(InternalStreamConnection.java:862)
	at com.mongodb.internal.connection.InternalStreamConnection.receiveCommandMessageResponse(InternalStreamConnection.java:517)
	at com.mongodb.internal.connection.InternalStreamConnection.receive(InternalStreamConnection.java:469)
	at com.mongodb.internal.connection.DefaultServerMonitor$ServerMonitor.lookupServerDescription(DefaultServerMonitor.java:249)
	at com.mongodb.internal.connection.DefaultServerMonitor$ServerMonitor.run(DefaultServerMonitor.java:176)
Caused by: java.net.SocketException: Connection reset
	at java.base/sun.nio.ch.NioSocketImpl.implRead(NioSocketImpl.java:318)
	at java.base/sun.nio.ch.NioSocketImpl.read(NioSocketImpl.java:346)
	at java.base/sun.nio.ch.NioSocketImpl$1.read(NioSocketImpl.java:796)
	at java.base/java.net.Socket$SocketInputStream.implRead(Socket.java:1108)
	at java.base/java.net.Socket$SocketInputStream.read(Socket.java:1095)
	at java.base/sun.security.ssl.SSLSocketInputRecord.read(SSLSocketInputRecord.java:489)
	at java.base/sun.security.ssl.SSLSocketInputRecord.readHeader(SSLSocketInputRecord.java:483)
	at java.base/sun.security.ssl.SSLSocketInputRecord.bytesInCompletePacket(SSLSocketInputRecord.java:70)
	at java.base/sun.security.ssl.SSLSocketImpl.readApplicationRecord(SSLSocketImpl.java:1462)
	at java.base/sun.security.ssl.SSLSocketImpl$AppInputStream.read(SSLSocketImpl.java:1068)
	at com.mongodb.internal.connection.SocketStream.read(SocketStream.java:182)
	at com.mongodb.internal.connection.InternalStreamConnection.receiveResponseBuffers(InternalStreamConnection.java:829)
	... 4 common frames omitted
2024-12-02 17:15:23 [cluster-ClusterId{value='674c80380772ee5c9a798433', description='ticketing-app-cluster'}-ticketing-app-cluster-shard-00-01.ippit.mongodb.net:27017] INFO  org.mongodb.driver.cluster - Exception in monitor thread while connecting to server ticketing-app-cluster-shard-00-01.ippit.mongodb.net:27017
com.mongodb.MongoSocketReadException: Exception receiving message
	at com.mongodb.internal.connection.InternalStreamConnection.translateReadException(InternalStreamConnection.java:814)
	at com.mongodb.internal.connection.InternalStreamConnection.receiveResponseBuffers(InternalStreamConnection.java:862)
	at com.mongodb.internal.connection.InternalStreamConnection.receiveCommandMessageResponse(InternalStreamConnection.java:517)
	at com.mongodb.internal.connection.InternalStreamConnection.receive(InternalStreamConnection.java:469)
	at com.mongodb.internal.connection.DefaultServerMonitor$ServerMonitor.lookupServerDescription(DefaultServerMonitor.java:249)
	at com.mongodb.internal.connection.DefaultServerMonitor$ServerMonitor.run(DefaultServerMonitor.java:176)
Caused by: java.net.SocketException: Connection reset
	at java.base/sun.nio.ch.NioSocketImpl.implRead(NioSocketImpl.java:318)
	at java.base/sun.nio.ch.NioSocketImpl.read(NioSocketImpl.java:346)
	at java.base/sun.nio.ch.NioSocketImpl$1.read(NioSocketImpl.java:796)
	at java.base/java.net.Socket$SocketInputStream.implRead(Socket.java:1108)
	at java.base/java.net.Socket$SocketInputStream.read(Socket.java:1095)
	at java.base/sun.security.ssl.SSLSocketInputRecord.read(SSLSocketInputRecord.java:489)
	at java.base/sun.security.ssl.SSLSocketInputRecord.readHeader(SSLSocketInputRecord.java:483)
	at java.base/sun.security.ssl.SSLSocketInputRecord.bytesInCompletePacket(SSLSocketInputRecord.java:70)
	at java.base/sun.security.ssl.SSLSocketImpl.readApplicationRecord(SSLSocketImpl.java:1462)
	at java.base/sun.security.ssl.SSLSocketImpl$AppInputStream.read(SSLSocketImpl.java:1068)
	at com.mongodb.internal.connection.SocketStream.read(SocketStream.java:182)
	at com.mongodb.internal.connection.InternalStreamConnection.receiveResponseBuffers(InternalStreamConnection.java:829)
	... 4 common frames omitted
2024-12-02 17:15:35 [cluster-ClusterId{value='674c80380772ee5c9a798433', description='ticketing-app-cluster'}-ticketing-app-cluster-shard-00-02.ippit.mongodb.net:27017] INFO  org.mongodb.driver.cluster - Exception in monitor thread while connecting to server ticketing-app-cluster-shard-00-02.ippit.mongodb.net:27017
com.mongodb.MongoSocketException: No such host is known (ticketing-app-cluster-shard-00-02.ippit.mongodb.net)
	at com.mongodb.internal.connection.ServerAddressHelper.getSocketAddresses(ServerAddressHelper.java:75)
	at com.mongodb.internal.connection.SocketStream.initializeSocket(SocketStream.java:100)
	at com.mongodb.internal.connection.SocketStream.open(SocketStream.java:79)
	at com.mongodb.internal.connection.InternalStreamConnection.open(InternalStreamConnection.java:233)
	at com.mongodb.internal.connection.DefaultServerMonitor$ServerMonitor.lookupServerDescription(DefaultServerMonitor.java:219)
	at com.mongodb.internal.connection.DefaultServerMonitor$ServerMonitor.run(DefaultServerMonitor.java:176)
Caused by: java.net.UnknownHostException: No such host is known (ticketing-app-cluster-shard-00-02.ippit.mongodb.net)
	at java.base/java.net.Inet6AddressImpl.lookupAllHostAddr(Native Method)
	at java.base/java.net.Inet6AddressImpl.lookupAllHostAddr(Inet6AddressImpl.java:52)
	at java.base/java.net.InetAddress$PlatformResolver.lookupByName(InetAddress.java:1221)
	at java.base/java.net.InetAddress.getAddressesFromNameService(InetAddress.java:1816)
	at java.base/java.net.InetAddress$NameServiceAddresses.get(InetAddress.java:1149)
	at java.base/java.net.InetAddress.getAllByName0(InetAddress.java:1806)
	at java.base/java.net.InetAddress.getAllByName(InetAddress.java:1676)
	at com.mongodb.internal.connection.DefaultInetAddressResolver.lookupByName(DefaultInetAddressResolver.java:34)
	at com.mongodb.internal.connection.ServerAddressHelper.getSocketAddresses(ServerAddressHelper.java:71)
	... 5 common frames omitted
2024-12-02 17:15:35 [cluster-ClusterId{value='674c80380772ee5c9a798433', description='ticketing-app-cluster'}-ticketing-app-cluster-shard-00-01.ippit.mongodb.net:27017] INFO  org.mongodb.driver.cluster - Exception in monitor thread while connecting to server ticketing-app-cluster-shard-00-01.ippit.mongodb.net:27017
com.mongodb.MongoSocketException: No such host is known (ticketing-app-cluster-shard-00-01.ippit.mongodb.net)
	at com.mongodb.internal.connection.ServerAddressHelper.getSocketAddresses(ServerAddressHelper.java:75)
	at com.mongodb.internal.connection.SocketStream.initializeSocket(SocketStream.java:100)
	at com.mongodb.internal.connection.SocketStream.open(SocketStream.java:79)
	at com.mongodb.internal.connection.InternalStreamConnection.open(InternalStreamConnection.java:233)
	at com.mongodb.internal.connection.DefaultServerMonitor$ServerMonitor.lookupServerDescription(DefaultServerMonitor.java:219)
	at com.mongodb.internal.connection.DefaultServerMonitor$ServerMonitor.run(DefaultServerMonitor.java:176)
Caused by: java.net.UnknownHostException: No such host is known (ticketing-app-cluster-shard-00-01.ippit.mongodb.net)
	at java.base/java.net.Inet6AddressImpl.lookupAllHostAddr(Native Method)
	at java.base/java.net.Inet6AddressImpl.lookupAllHostAddr(Inet6AddressImpl.java:52)
	at java.base/java.net.InetAddress$PlatformResolver.lookupByName(InetAddress.java:1221)
	at java.base/java.net.InetAddress.getAddressesFromNameService(InetAddress.java:1816)
	at java.base/java.net.InetAddress$NameServiceAddresses.get(InetAddress.java:1149)
	at java.base/java.net.InetAddress.getAllByName0(InetAddress.java:1806)
	at java.base/java.net.InetAddress.getAllByName(InetAddress.java:1676)
	at com.mongodb.internal.connection.DefaultInetAddressResolver.lookupByName(DefaultInetAddressResolver.java:34)
	at com.mongodb.internal.connection.ServerAddressHelper.getSocketAddresses(ServerAddressHelper.java:71)
	... 5 common frames omitted
2024-12-02 17:15:35 [cluster-ClusterId{value='674c80380772ee5c9a798433', description='ticketing-app-cluster'}-ticketing-app-cluster-shard-00-00.ippit.mongodb.net:27017] INFO  org.mongodb.driver.cluster - Exception in monitor thread while connecting to server ticketing-app-cluster-shard-00-00.ippit.mongodb.net:27017
com.mongodb.MongoSocketException: No such host is known (ticketing-app-cluster-shard-00-00.ippit.mongodb.net)
	at com.mongodb.internal.connection.ServerAddressHelper.getSocketAddresses(ServerAddressHelper.java:75)
	at com.mongodb.internal.connection.SocketStream.initializeSocket(SocketStream.java:100)
	at com.mongodb.internal.connection.SocketStream.open(SocketStream.java:79)
	at com.mongodb.internal.connection.InternalStreamConnection.open(InternalStreamConnection.java:233)
	at com.mongodb.internal.connection.DefaultServerMonitor$ServerMonitor.lookupServerDescription(DefaultServerMonitor.java:219)
	at com.mongodb.internal.connection.DefaultServerMonitor$ServerMonitor.run(DefaultServerMonitor.java:176)
Caused by: java.net.UnknownHostException: No such host is known (ticketing-app-cluster-shard-00-00.ippit.mongodb.net)
	at java.base/java.net.Inet6AddressImpl.lookupAllHostAddr(Native Method)
	at java.base/java.net.Inet6AddressImpl.lookupAllHostAddr(Inet6AddressImpl.java:52)
	at java.base/java.net.InetAddress$PlatformResolver.lookupByName(InetAddress.java:1221)
	at java.base/java.net.InetAddress.getAddressesFromNameService(InetAddress.java:1816)
	at java.base/java.net.InetAddress$NameServiceAddresses.get(InetAddress.java:1149)
	at java.base/java.net.InetAddress.getAllByName0(InetAddress.java:1806)
	at java.base/java.net.InetAddress.getAllByName(InetAddress.java:1676)
	at com.mongodb.internal.connection.DefaultInetAddressResolver.lookupByName(DefaultInetAddressResolver.java:34)
	at com.mongodb.internal.connection.ServerAddressHelper.getSocketAddresses(ServerAddressHelper.java:71)
	... 5 common frames omitted
2024-12-02 17:15:46 [cluster-ClusterId{value='674c80380772ee5c9a798433', description='ticketing-app-cluster'}-ticketing-app-cluster-shard-00-02.ippit.mongodb.net:27017] INFO  org.mongodb.driver.cluster - Monitor thread successfully connected to server with description ServerDescription{address=ticketing-app-cluster-shard-00-02.ippit.mongodb.net:27017, type=REPLICA_SET_SECONDARY, cryptd=false, state=CONNECTED, ok=true, minWireVersion=0, maxWireVersion=25, maxDocumentSize=16777216, logicalSessionTimeoutMinutes=30, roundTripTimeNanos=214519200, minRoundTripTimeNanos=0, setName='atlas-1bi6sw-shard-0', canonicalAddress=ticketing-app-cluster-shard-00-02.ippit.mongodb.net:27017, hosts=[ticketing-app-cluster-shard-00-00.ippit.mongodb.net:27017, ticketing-app-cluster-shard-00-01.ippit.mongodb.net:27017, ticketing-app-cluster-shard-00-02.ippit.mongodb.net:27017], passives=[], arbiters=[], primary='ticketing-app-cluster-shard-00-01.ippit.mongodb.net:27017', tagSet=TagSet{[Tag{name='availabilityZone', value='asia-south1-c'}, Tag{name='diskState', value='READY'}, Tag{name='nodeType', value='ELECTABLE'}, Tag{name='provider', value='GCP'}, Tag{name='region', value='ASIA_SOUTH_1'}, Tag{name='workloadType', value='OPERATIONAL'}]}, electionId=null, setVersion=4, topologyVersion=TopologyVersion{processId=6740a6bd74a7bde477b7bd6c, counter=3}, lastWriteDate=Mon Dec 02 17:15:44 IST 2024, lastUpdateTimeNanos=627096430992500}
2024-12-02 17:15:46 [cluster-ClusterId{value='674c80380772ee5c9a798433', description='ticketing-app-cluster'}-ticketing-app-cluster-shard-00-01.ippit.mongodb.net:27017] INFO  org.mongodb.driver.cluster - Monitor thread successfully connected to server with description ServerDescription{address=ticketing-app-cluster-shard-00-01.ippit.mongodb.net:27017, type=REPLICA_SET_PRIMARY, cryptd=false, state=CONNECTED, ok=true, minWireVersion=0, maxWireVersion=25, maxDocumentSize=16777216, logicalSessionTimeoutMinutes=30, roundTripTimeNanos=226620500, minRoundTripTimeNanos=0, setName='atlas-1bi6sw-shard-0', canonicalAddress=ticketing-app-cluster-shard-00-01.ippit.mongodb.net:27017, hosts=[ticketing-app-cluster-shard-00-00.ippit.mongodb.net:27017, ticketing-app-cluster-shard-00-01.ippit.mongodb.net:27017, ticketing-app-cluster-shard-00-02.ippit.mongodb.net:27017], passives=[], arbiters=[], primary='ticketing-app-cluster-shard-00-01.ippit.mongodb.net:27017', tagSet=TagSet{[Tag{name='availabilityZone', value='asia-south1-b'}, Tag{name='diskState', value='READY'}, Tag{name='nodeType', value='ELECTABLE'}, Tag{name='provider', value='GCP'}, Tag{name='region', value='ASIA_SOUTH_1'}, Tag{name='workloadType', value='OPERATIONAL'}]}, electionId=7fffffff000000000000001d, setVersion=4, topologyVersion=TopologyVersion{processId=6740a0d43236505b381bf6db, counter=6}, lastWriteDate=Mon Dec 02 17:15:44 IST 2024, lastUpdateTimeNanos=627096455378000}
2024-12-02 17:15:46 [cluster-ClusterId{value='674c80380772ee5c9a798433', description='ticketing-app-cluster'}-ticketing-app-cluster-shard-00-01.ippit.mongodb.net:27017] INFO  org.mongodb.driver.cluster - Discovered replica set primary ticketing-app-cluster-shard-00-01.ippit.mongodb.net:27017 with max election id 7fffffff000000000000001d and max set version 4
2024-12-02 17:15:46 [cluster-ClusterId{value='674c80380772ee5c9a798433', description='ticketing-app-cluster'}-ticketing-app-cluster-shard-00-00.ippit.mongodb.net:27017] INFO  org.mongodb.driver.cluster - Monitor thread successfully connected to server with description ServerDescription{address=ticketing-app-cluster-shard-00-00.ippit.mongodb.net:27017, type=REPLICA_SET_SECONDARY, cryptd=false, state=CONNECTED, ok=true, minWireVersion=0, maxWireVersion=25, maxDocumentSize=16777216, logicalSessionTimeoutMinutes=30, roundTripTimeNanos=227063400, minRoundTripTimeNanos=0, setName='atlas-1bi6sw-shard-0', canonicalAddress=ticketing-app-cluster-shard-00-00.ippit.mongodb.net:27017, hosts=[ticketing-app-cluster-shard-00-00.ippit.mongodb.net:27017, ticketing-app-cluster-shard-00-01.ippit.mongodb.net:27017, ticketing-app-cluster-shard-00-02.ippit.mongodb.net:27017], passives=[], arbiters=[], primary='ticketing-app-cluster-shard-00-01.ippit.mongodb.net:27017', tagSet=TagSet{[Tag{name='availabilityZone', value='asia-south1-a'}, Tag{name='diskState', value='READY'}, Tag{name='nodeType', value='ELECTABLE'}, Tag{name='provider', value='GCP'}, Tag{name='region', value='ASIA_SOUTH_1'}, Tag{name='workloadType', value='OPERATIONAL'}]}, electionId=null, setVersion=4, topologyVersion=TopologyVersion{processId=67409d997261816d1af332e5, counter=4}, lastWriteDate=Mon Dec 02 17:15:44 IST 2024, lastUpdateTimeNanos=627096494248600}
2024-12-02 18:06:35 [SpringApplicationShutdownHook] INFO  o.s.b.w.e.tomcat.GracefulShutdown - Commencing graceful shutdown. Waiting for active requests to complete
2024-12-02 18:06:35 [tomcat-shutdown] INFO  o.s.b.w.e.tomcat.GracefulShutdown - Graceful shutdown complete
